/home/agribot/agribot-ros2-v2/install/agribot_web/lib/python3.10/site-packages/agribot_web/__init__.py
/home/agribot/agribot-ros2-v2/install/agribot_web/lib/python3.10/site-packages/agribot_web/obstacle_avoidance.py
/home/agribot/agribot-ros2-v2/install/agribot_web/lib/python3.10/site-packages/agribot_web/sensor_logger.py
/home/agribot/agribot-ros2-v2/install/agribot_web/lib/python3.10/site-packages/agribot_web/synthetic_moisture_node.py
/home/agribot/agribot-ros2-v2/install/agribot_web/lib/python3.10/site-packages/agribot_web/web_server.py
/home/agribot/agribot-ros2-v2/install/agribot_web/lib/python3.10/site-packages/agribot_web/__pycache__/__init__.cpython-310.pyc
/home/agribot/agribot-ros2-v2/install/agribot_web/lib/python3.10/site-packages/agribot_web/__pycache__/obstacle_avoidance.cpython-310.pyc
/home/agribot/agribot-ros2-v2/install/agribot_web/lib/python3.10/site-packages/agribot_web/__pycache__/sensor_logger.cpython-310.pyc
/home/agribot/agribot-ros2-v2/install/agribot_web/lib/python3.10/site-packages/agribot_web/__pycache__/synthetic_moisture_node.cpython-310.pyc
/home/agribot/agribot-ros2-v2/install/agribot_web/lib/python3.10/site-packages/agribot_web/__pycache__/web_server.cpython-310.pyc
/home/agribot/agribot-ros2-v2/install/agribot_web/share/ament_index/resource_index/packages/agribot_web
/home/agribot/agribot-ros2-v2/install/agribot_web/share/agribot_web/package.xml
/home/agribot/agribot-ros2-v2/install/agribot_web/share/agribot_web/launch/agribot_web.launch.py
/home/agribot/agribot-ros2-v2/install/agribot_web/lib/python3.10/site-packages/agribot_web-1.0.0-py3.10.egg-info/PKG-INFO
/home/agribot/agribot-ros2-v2/install/agribot_web/lib/python3.10/site-packages/agribot_web-1.0.0-py3.10.egg-info/top_level.txt
/home/agribot/agribot-ros2-v2/install/agribot_web/lib/python3.10/site-packages/agribot_web-1.0.0-py3.10.egg-info/SOURCES.txt
/home/agribot/agribot-ros2-v2/install/agribot_web/lib/python3.10/site-packages/agribot_web-1.0.0-py3.10.egg-info/entry_points.txt
/home/agribot/agribot-ros2-v2/install/agribot_web/lib/python3.10/site-packages/agribot_web-1.0.0-py3.10.egg-info/requires.txt
/home/agribot/agribot-ros2-v2/install/agribot_web/lib/python3.10/site-packages/agribot_web-1.0.0-py3.10.egg-info/dependency_links.txt
/home/agribot/agribot-ros2-v2/install/agribot_web/lib/python3.10/site-packages/agribot_web-1.0.0-py3.10.egg-info/zip-safe
/home/agribot/agribot-ros2-v2/install/agribot_web/lib/agribot_web/obstacle_avoidance
/home/agribot/agribot-ros2-v2/install/agribot_web/lib/agribot_web/sensor_logger
/home/agribot/agribot-ros2-v2/install/agribot_web/lib/agribot_web/synthetic_moisture_node
/home/agribot/agribot-ros2-v2/install/agribot_web/lib/agribot_web/web_server
