[1.007s] DEBUG:colcon:Command line arguments: ['/usr/bin/colcon', 'build']
[1.009s] DEBUG:colcon:Parsed command line arguments: Namespace(log_base=None, log_level=None, verb_name='build', build_base='build', install_base='install', merge_install=False, symlink_install=False, test_result_base=None, continue_on_error=False, executor='parallel', parallel_workers=4, event_handlers=None, ignore_user_meta=False, metas=['./colcon.meta'], base_paths=['.'], packages_ignore=None, packages_ignore_regex=None, paths=None, packages_up_to=None, packages_up_to_regex=None, packages_above=None, packages_above_and_dependencies=None, packages_above_depth=None, packages_select_by_dep=None, packages_skip_by_dep=None, packages_skip_up_to=None, packages_select_build_failed=False, packages_skip_build_finished=False, packages_select_test_failures=False, packages_skip_test_passed=False, packages_select=None, packages_skip=None, packages_select_regex=None, packages_skip_regex=None, packages_start=None, packages_end=None, allow_overriding=[], cmake_args=None, cmake_target=None, cmake_target_skip_unavailable=False, cmake_clean_cache=False, cmake_clean_first=False, cmake_force_configure=False, ament_cmake_args=None, catkin_cmake_args=None, catkin_skip_building_tests=False, mixin_files=None, mixin=None, verb_parser=<colcon_mixin.mixin.mixin_argument.MixinArgumentDecorator object at 0xffffb7b6fdf0>, verb_extension=<colcon_core.verb.build.BuildVerb object at 0xffffb7cb4e20>, main=<bound method BuildVerb.main of <colcon_core.verb.build.BuildVerb object at 0xffffb7cb4e20>>, mixin_verb=('build',))
[2.633s] Level 1:colcon.colcon_core.package_discovery:discover_packages(colcon_meta) check parameters
[2.635s] Level 1:colcon.colcon_core.package_discovery:discover_packages(recursive) check parameters
[2.635s] Level 1:colcon.colcon_core.package_discovery:discover_packages(ignore) check parameters
[2.636s] Level 1:colcon.colcon_core.package_discovery:discover_packages(path) check parameters
[2.636s] Level 1:colcon.colcon_core.package_discovery:discover_packages(colcon_meta) discover
[2.637s] Level 1:colcon.colcon_core.package_discovery:discover_packages(recursive) discover
[2.638s] INFO:colcon.colcon_core.package_discovery:Crawling recursively for packages in '/home/agribot/agribot-ros2-v2'
[2.640s] Level 1:colcon.colcon_core.package_identification:_identify(.) by extensions ['ignore', 'ignore_ament_install']
[2.642s] Level 1:colcon.colcon_core.package_identification:_identify(.) by extension 'ignore'
[2.643s] Level 1:colcon.colcon_core.package_identification:_identify(.) by extension 'ignore_ament_install'
[2.646s] Level 1:colcon.colcon_core.package_identification:_identify(.) by extensions ['colcon_pkg']
[2.647s] Level 1:colcon.colcon_core.package_identification:_identify(.) by extension 'colcon_pkg'
[2.648s] Level 1:colcon.colcon_core.package_identification:_identify(.) by extensions ['colcon_meta']
[2.648s] Level 1:colcon.colcon_core.package_identification:_identify(.) by extension 'colcon_meta'
[2.649s] Level 1:colcon.colcon_core.package_identification:_identify(.) by extensions ['ros']
[2.649s] Level 1:colcon.colcon_core.package_identification:_identify(.) by extension 'ros'
[2.737s] Level 1:colcon.colcon_core.package_identification:_identify(.) by extensions ['cmake', 'python']
[2.739s] Level 1:colcon.colcon_core.package_identification:_identify(.) by extension 'cmake'
[2.740s] Level 1:colcon.colcon_core.package_identification:_identify(.) by extension 'python'
[2.742s] Level 1:colcon.colcon_core.package_identification:_identify(.) by extensions ['python_setup_py']
[2.743s] Level 1:colcon.colcon_core.package_identification:_identify(.) by extension 'python_setup_py'
[2.745s] Level 1:colcon.colcon_core.package_identification:_identify(agribot) by extensions ['ignore', 'ignore_ament_install']
[2.746s] Level 1:colcon.colcon_core.package_identification:_identify(agribot) by extension 'ignore'
[2.747s] Level 1:colcon.colcon_core.package_identification:_identify(agribot) by extension 'ignore_ament_install'
[2.747s] Level 1:colcon.colcon_core.package_identification:_identify(agribot) by extensions ['colcon_pkg']
[2.748s] Level 1:colcon.colcon_core.package_identification:_identify(agribot) by extension 'colcon_pkg'
[2.749s] Level 1:colcon.colcon_core.package_identification:_identify(agribot) by extensions ['colcon_meta']
[2.749s] Level 1:colcon.colcon_core.package_identification:_identify(agribot) by extension 'colcon_meta'
[2.750s] Level 1:colcon.colcon_core.package_identification:_identify(agribot) by extensions ['ros']
[2.750s] Level 1:colcon.colcon_core.package_identification:_identify(agribot) by extension 'ros'
[2.751s] Level 1:colcon.colcon_core.package_identification:_identify(agribot) by extensions ['cmake', 'python']
[2.752s] Level 1:colcon.colcon_core.package_identification:_identify(agribot) by extension 'cmake'
[2.753s] Level 1:colcon.colcon_core.package_identification:_identify(agribot) by extension 'python'
[2.754s] Level 1:colcon.colcon_core.package_identification:_identify(agribot) by extensions ['python_setup_py']
[2.754s] Level 1:colcon.colcon_core.package_identification:_identify(agribot) by extension 'python_setup_py'
[2.755s] Level 1:colcon.colcon_core.package_identification:_identify(agribot/esp32_cam) by extensions ['ignore', 'ignore_ament_install']
[2.755s] Level 1:colcon.colcon_core.package_identification:_identify(agribot/esp32_cam) by extension 'ignore'
[2.756s] Level 1:colcon.colcon_core.package_identification:_identify(agribot/esp32_cam) by extension 'ignore_ament_install'
[2.756s] Level 1:colcon.colcon_core.package_identification:_identify(agribot/esp32_cam) by extensions ['colcon_pkg']
[2.756s] Level 1:colcon.colcon_core.package_identification:_identify(agribot/esp32_cam) by extension 'colcon_pkg'
[2.757s] Level 1:colcon.colcon_core.package_identification:_identify(agribot/esp32_cam) by extensions ['colcon_meta']
[2.757s] Level 1:colcon.colcon_core.package_identification:_identify(agribot/esp32_cam) by extension 'colcon_meta'
[2.758s] Level 1:colcon.colcon_core.package_identification:_identify(agribot/esp32_cam) by extensions ['ros']
[2.758s] Level 1:colcon.colcon_core.package_identification:_identify(agribot/esp32_cam) by extension 'ros'
[2.759s] Level 1:colcon.colcon_core.package_identification:_identify(agribot/esp32_cam) by extensions ['cmake', 'python']
[2.759s] Level 1:colcon.colcon_core.package_identification:_identify(agribot/esp32_cam) by extension 'cmake'
[2.759s] Level 1:colcon.colcon_core.package_identification:_identify(agribot/esp32_cam) by extension 'python'
[2.760s] Level 1:colcon.colcon_core.package_identification:_identify(agribot/esp32_cam) by extensions ['python_setup_py']
[2.760s] Level 1:colcon.colcon_core.package_identification:_identify(agribot/esp32_cam) by extension 'python_setup_py'
[2.761s] Level 1:colcon.colcon_core.package_identification:_identify(agribot/esp32_main) by extensions ['ignore', 'ignore_ament_install']
[2.761s] Level 1:colcon.colcon_core.package_identification:_identify(agribot/esp32_main) by extension 'ignore'
[2.762s] Level 1:colcon.colcon_core.package_identification:_identify(agribot/esp32_main) by extension 'ignore_ament_install'
[2.762s] Level 1:colcon.colcon_core.package_identification:_identify(agribot/esp32_main) by extensions ['colcon_pkg']
[2.762s] Level 1:colcon.colcon_core.package_identification:_identify(agribot/esp32_main) by extension 'colcon_pkg'
[2.763s] Level 1:colcon.colcon_core.package_identification:_identify(agribot/esp32_main) by extensions ['colcon_meta']
[2.763s] Level 1:colcon.colcon_core.package_identification:_identify(agribot/esp32_main) by extension 'colcon_meta'
[2.763s] Level 1:colcon.colcon_core.package_identification:_identify(agribot/esp32_main) by extensions ['ros']
[2.764s] Level 1:colcon.colcon_core.package_identification:_identify(agribot/esp32_main) by extension 'ros'
[2.764s] Level 1:colcon.colcon_core.package_identification:_identify(agribot/esp32_main) by extensions ['cmake', 'python']
[2.765s] Level 1:colcon.colcon_core.package_identification:_identify(agribot/esp32_main) by extension 'cmake'
[2.765s] Level 1:colcon.colcon_core.package_identification:_identify(agribot/esp32_main) by extension 'python'
[2.765s] Level 1:colcon.colcon_core.package_identification:_identify(agribot/esp32_main) by extensions ['python_setup_py']
[2.766s] Level 1:colcon.colcon_core.package_identification:_identify(agribot/esp32_main) by extension 'python_setup_py'
[2.766s] Level 1:colcon.colcon_core.package_identification:_identify(agribot/firebase) by extensions ['ignore', 'ignore_ament_install']
[2.768s] Level 1:colcon.colcon_core.package_identification:_identify(agribot/firebase) by extension 'ignore'
[2.769s] Level 1:colcon.colcon_core.package_identification:_identify(agribot/firebase) by extension 'ignore_ament_install'
[2.769s] Level 1:colcon.colcon_core.package_identification:_identify(agribot/firebase) by extensions ['colcon_pkg']
[2.769s] Level 1:colcon.colcon_core.package_identification:_identify(agribot/firebase) by extension 'colcon_pkg'
[2.769s] Level 1:colcon.colcon_core.package_identification:_identify(agribot/firebase) by extensions ['colcon_meta']
[2.769s] Level 1:colcon.colcon_core.package_identification:_identify(agribot/firebase) by extension 'colcon_meta'
[2.770s] Level 1:colcon.colcon_core.package_identification:_identify(agribot/firebase) by extensions ['ros']
[2.770s] Level 1:colcon.colcon_core.package_identification:_identify(agribot/firebase) by extension 'ros'
[2.771s] Level 1:colcon.colcon_core.package_identification:_identify(agribot/firebase) by extensions ['cmake', 'python']
[2.771s] Level 1:colcon.colcon_core.package_identification:_identify(agribot/firebase) by extension 'cmake'
[2.771s] Level 1:colcon.colcon_core.package_identification:_identify(agribot/firebase) by extension 'python'
[2.772s] Level 1:colcon.colcon_core.package_identification:_identify(agribot/firebase) by extensions ['python_setup_py']
[2.772s] Level 1:colcon.colcon_core.package_identification:_identify(agribot/firebase) by extension 'python_setup_py'
[2.774s] Level 1:colcon.colcon_core.package_identification:_identify(agribot/webapp) by extensions ['ignore', 'ignore_ament_install']
[2.775s] Level 1:colcon.colcon_core.package_identification:_identify(agribot/webapp) by extension 'ignore'
[2.775s] Level 1:colcon.colcon_core.package_identification:_identify(agribot/webapp) by extension 'ignore_ament_install'
[2.775s] Level 1:colcon.colcon_core.package_identification:_identify(agribot/webapp) by extensions ['colcon_pkg']
[2.776s] Level 1:colcon.colcon_core.package_identification:_identify(agribot/webapp) by extension 'colcon_pkg'
[2.776s] Level 1:colcon.colcon_core.package_identification:_identify(agribot/webapp) by extensions ['colcon_meta']
[2.777s] Level 1:colcon.colcon_core.package_identification:_identify(agribot/webapp) by extension 'colcon_meta'
[2.780s] Level 1:colcon.colcon_core.package_identification:_identify(agribot/webapp) by extensions ['ros']
[2.781s] Level 1:colcon.colcon_core.package_identification:_identify(agribot/webapp) by extension 'ros'
[2.783s] Level 1:colcon.colcon_core.package_identification:_identify(agribot/webapp) by extensions ['cmake', 'python']
[2.784s] Level 1:colcon.colcon_core.package_identification:_identify(agribot/webapp) by extension 'cmake'
[2.785s] Level 1:colcon.colcon_core.package_identification:_identify(agribot/webapp) by extension 'python'
[2.786s] Level 1:colcon.colcon_core.package_identification:_identify(agribot/webapp) by extensions ['python_setup_py']
[2.786s] Level 1:colcon.colcon_core.package_identification:_identify(agribot/webapp) by extension 'python_setup_py'
[2.788s] Level 1:colcon.colcon_core.package_identification:_identify(agribot/webapp/public) by extensions ['ignore', 'ignore_ament_install']
[2.790s] Level 1:colcon.colcon_core.package_identification:_identify(agribot/webapp/public) by extension 'ignore'
[2.790s] Level 1:colcon.colcon_core.package_identification:_identify(agribot/webapp/public) by extension 'ignore_ament_install'
[2.791s] Level 1:colcon.colcon_core.package_identification:_identify(agribot/webapp/public) by extensions ['colcon_pkg']
[2.791s] Level 1:colcon.colcon_core.package_identification:_identify(agribot/webapp/public) by extension 'colcon_pkg'
[2.792s] Level 1:colcon.colcon_core.package_identification:_identify(agribot/webapp/public) by extensions ['colcon_meta']
[2.792s] Level 1:colcon.colcon_core.package_identification:_identify(agribot/webapp/public) by extension 'colcon_meta'
[2.793s] Level 1:colcon.colcon_core.package_identification:_identify(agribot/webapp/public) by extensions ['ros']
[2.793s] Level 1:colcon.colcon_core.package_identification:_identify(agribot/webapp/public) by extension 'ros'
[2.794s] Level 1:colcon.colcon_core.package_identification:_identify(agribot/webapp/public) by extensions ['cmake', 'python']
[2.794s] Level 1:colcon.colcon_core.package_identification:_identify(agribot/webapp/public) by extension 'cmake'
[2.795s] Level 1:colcon.colcon_core.package_identification:_identify(agribot/webapp/public) by extension 'python'
[2.795s] Level 1:colcon.colcon_core.package_identification:_identify(agribot/webapp/public) by extensions ['python_setup_py']
[2.796s] Level 1:colcon.colcon_core.package_identification:_identify(agribot/webapp/public) by extension 'python_setup_py'
[2.797s] Level 1:colcon.colcon_core.package_identification:_identify(agribot/webapp/src) by extensions ['ignore', 'ignore_ament_install']
[2.798s] Level 1:colcon.colcon_core.package_identification:_identify(agribot/webapp/src) by extension 'ignore'
[2.799s] Level 1:colcon.colcon_core.package_identification:_identify(agribot/webapp/src) by extension 'ignore_ament_install'
[2.800s] Level 1:colcon.colcon_core.package_identification:_identify(agribot/webapp/src) by extensions ['colcon_pkg']
[2.800s] Level 1:colcon.colcon_core.package_identification:_identify(agribot/webapp/src) by extension 'colcon_pkg'
[2.801s] Level 1:colcon.colcon_core.package_identification:_identify(agribot/webapp/src) by extensions ['colcon_meta']
[2.801s] Level 1:colcon.colcon_core.package_identification:_identify(agribot/webapp/src) by extension 'colcon_meta'
[2.802s] Level 1:colcon.colcon_core.package_identification:_identify(agribot/webapp/src) by extensions ['ros']
[2.802s] Level 1:colcon.colcon_core.package_identification:_identify(agribot/webapp/src) by extension 'ros'
[2.803s] Level 1:colcon.colcon_core.package_identification:_identify(agribot/webapp/src) by extensions ['cmake', 'python']
[2.804s] Level 1:colcon.colcon_core.package_identification:_identify(agribot/webapp/src) by extension 'cmake'
[2.804s] Level 1:colcon.colcon_core.package_identification:_identify(agribot/webapp/src) by extension 'python'
[2.805s] Level 1:colcon.colcon_core.package_identification:_identify(agribot/webapp/src) by extensions ['python_setup_py']
[2.806s] Level 1:colcon.colcon_core.package_identification:_identify(agribot/webapp/src) by extension 'python_setup_py'
[2.807s] Level 1:colcon.colcon_core.package_identification:_identify(agribot/webapp/src/assets) by extensions ['ignore', 'ignore_ament_install']
[2.808s] Level 1:colcon.colcon_core.package_identification:_identify(agribot/webapp/src/assets) by extension 'ignore'
[2.808s] Level 1:colcon.colcon_core.package_identification:_identify(agribot/webapp/src/assets) by extension 'ignore_ament_install'
[2.809s] Level 1:colcon.colcon_core.package_identification:_identify(agribot/webapp/src/assets) by extensions ['colcon_pkg']
[2.809s] Level 1:colcon.colcon_core.package_identification:_identify(agribot/webapp/src/assets) by extension 'colcon_pkg'
[2.810s] Level 1:colcon.colcon_core.package_identification:_identify(agribot/webapp/src/assets) by extensions ['colcon_meta']
[2.810s] Level 1:colcon.colcon_core.package_identification:_identify(agribot/webapp/src/assets) by extension 'colcon_meta'
[2.811s] Level 1:colcon.colcon_core.package_identification:_identify(agribot/webapp/src/assets) by extensions ['ros']
[2.812s] Level 1:colcon.colcon_core.package_identification:_identify(agribot/webapp/src/assets) by extension 'ros'
[2.813s] Level 1:colcon.colcon_core.package_identification:_identify(agribot/webapp/src/assets) by extensions ['cmake', 'python']
[2.814s] Level 1:colcon.colcon_core.package_identification:_identify(agribot/webapp/src/assets) by extension 'cmake'
[2.814s] Level 1:colcon.colcon_core.package_identification:_identify(agribot/webapp/src/assets) by extension 'python'
[2.815s] Level 1:colcon.colcon_core.package_identification:_identify(agribot/webapp/src/assets) by extensions ['python_setup_py']
[2.816s] Level 1:colcon.colcon_core.package_identification:_identify(agribot/webapp/src/assets) by extension 'python_setup_py'
[2.817s] Level 1:colcon.colcon_core.package_identification:_identify(agribot/webapp/src/components) by extensions ['ignore', 'ignore_ament_install']
[2.818s] Level 1:colcon.colcon_core.package_identification:_identify(agribot/webapp/src/components) by extension 'ignore'
[2.819s] Level 1:colcon.colcon_core.package_identification:_identify(agribot/webapp/src/components) by extension 'ignore_ament_install'
[2.820s] Level 1:colcon.colcon_core.package_identification:_identify(agribot/webapp/src/components) by extensions ['colcon_pkg']
[2.820s] Level 1:colcon.colcon_core.package_identification:_identify(agribot/webapp/src/components) by extension 'colcon_pkg'
[2.821s] Level 1:colcon.colcon_core.package_identification:_identify(agribot/webapp/src/components) by extensions ['colcon_meta']
[2.822s] Level 1:colcon.colcon_core.package_identification:_identify(agribot/webapp/src/components) by extension 'colcon_meta'
[2.826s] Level 1:colcon.colcon_core.package_identification:_identify(agribot/webapp/src/components) by extensions ['ros']
[2.827s] Level 1:colcon.colcon_core.package_identification:_identify(agribot/webapp/src/components) by extension 'ros'
[2.828s] Level 1:colcon.colcon_core.package_identification:_identify(agribot/webapp/src/components) by extensions ['cmake', 'python']
[2.829s] Level 1:colcon.colcon_core.package_identification:_identify(agribot/webapp/src/components) by extension 'cmake'
[2.829s] Level 1:colcon.colcon_core.package_identification:_identify(agribot/webapp/src/components) by extension 'python'
[2.830s] Level 1:colcon.colcon_core.package_identification:_identify(agribot/webapp/src/components) by extensions ['python_setup_py']
[2.832s] Level 1:colcon.colcon_core.package_identification:_identify(agribot/webapp/src/components) by extension 'python_setup_py'
[2.833s] Level 1:colcon.colcon_core.package_identification:_identify(agribot/webapp/src/pages) by extensions ['ignore', 'ignore_ament_install']
[2.834s] Level 1:colcon.colcon_core.package_identification:_identify(agribot/webapp/src/pages) by extension 'ignore'
[2.835s] Level 1:colcon.colcon_core.package_identification:_identify(agribot/webapp/src/pages) by extension 'ignore_ament_install'
[2.836s] Level 1:colcon.colcon_core.package_identification:_identify(agribot/webapp/src/pages) by extensions ['colcon_pkg']
[2.837s] Level 1:colcon.colcon_core.package_identification:_identify(agribot/webapp/src/pages) by extension 'colcon_pkg'
[2.837s] Level 1:colcon.colcon_core.package_identification:_identify(agribot/webapp/src/pages) by extensions ['colcon_meta']
[2.838s] Level 1:colcon.colcon_core.package_identification:_identify(agribot/webapp/src/pages) by extension 'colcon_meta'
[2.838s] Level 1:colcon.colcon_core.package_identification:_identify(agribot/webapp/src/pages) by extensions ['ros']
[2.839s] Level 1:colcon.colcon_core.package_identification:_identify(agribot/webapp/src/pages) by extension 'ros'
[2.841s] Level 1:colcon.colcon_core.package_identification:_identify(agribot/webapp/src/pages) by extensions ['cmake', 'python']
[2.842s] Level 1:colcon.colcon_core.package_identification:_identify(agribot/webapp/src/pages) by extension 'cmake'
[2.843s] Level 1:colcon.colcon_core.package_identification:_identify(agribot/webapp/src/pages) by extension 'python'
[2.844s] Level 1:colcon.colcon_core.package_identification:_identify(agribot/webapp/src/pages) by extensions ['python_setup_py']
[2.845s] Level 1:colcon.colcon_core.package_identification:_identify(agribot/webapp/src/pages) by extension 'python_setup_py'
[2.850s] Level 1:colcon.colcon_core.package_identification:_identify(agribot_web) by extensions ['ignore', 'ignore_ament_install']
[2.851s] Level 1:colcon.colcon_core.package_identification:_identify(agribot_web) by extension 'ignore'
[2.852s] Level 1:colcon.colcon_core.package_identification:_identify(agribot_web) by extension 'ignore_ament_install'
[2.853s] Level 1:colcon.colcon_core.package_identification:_identify(agribot_web) by extensions ['colcon_pkg']
[2.853s] Level 1:colcon.colcon_core.package_identification:_identify(agribot_web) by extension 'colcon_pkg'
[2.854s] Level 1:colcon.colcon_core.package_identification:_identify(agribot_web) by extensions ['colcon_meta']
[2.855s] Level 1:colcon.colcon_core.package_identification:_identify(agribot_web) by extension 'colcon_meta'
[2.857s] Level 1:colcon.colcon_core.package_identification:_identify(agribot_web) by extensions ['ros']
[2.857s] Level 1:colcon.colcon_core.package_identification:_identify(agribot_web) by extension 'ros'
[2.889s] DEBUG:colcon.colcon_core.package_identification:Package 'agribot_web' with type 'ros.ament_python' and name 'agribot_web'
[2.890s] Level 1:colcon.colcon_core.package_identification:_identify(build) by extensions ['ignore', 'ignore_ament_install']
[2.891s] Level 1:colcon.colcon_core.package_identification:_identify(build) by extension 'ignore'
[2.892s] Level 1:colcon.colcon_core.package_identification:_identify(build) ignored
[2.893s] Level 1:colcon.colcon_core.package_identification:_identify(esp-firmware) by extensions ['ignore', 'ignore_ament_install']
[2.894s] Level 1:colcon.colcon_core.package_identification:_identify(esp-firmware) by extension 'ignore'
[2.895s] Level 1:colcon.colcon_core.package_identification:_identify(esp-firmware) by extension 'ignore_ament_install'
[2.896s] Level 1:colcon.colcon_core.package_identification:_identify(esp-firmware) by extensions ['colcon_pkg']
[2.896s] Level 1:colcon.colcon_core.package_identification:_identify(esp-firmware) by extension 'colcon_pkg'
[2.897s] Level 1:colcon.colcon_core.package_identification:_identify(esp-firmware) by extensions ['colcon_meta']
[2.897s] Level 1:colcon.colcon_core.package_identification:_identify(esp-firmware) by extension 'colcon_meta'
[2.898s] Level 1:colcon.colcon_core.package_identification:_identify(esp-firmware) by extensions ['ros']
[2.898s] Level 1:colcon.colcon_core.package_identification:_identify(esp-firmware) by extension 'ros'
[2.899s] Level 1:colcon.colcon_core.package_identification:_identify(esp-firmware) by extensions ['cmake', 'python']
[2.900s] Level 1:colcon.colcon_core.package_identification:_identify(esp-firmware) by extension 'cmake'
[2.900s] Level 1:colcon.colcon_core.package_identification:_identify(esp-firmware) by extension 'python'
[2.901s] Level 1:colcon.colcon_core.package_identification:_identify(esp-firmware) by extensions ['python_setup_py']
[2.901s] Level 1:colcon.colcon_core.package_identification:_identify(esp-firmware) by extension 'python_setup_py'
[2.902s] Level 1:colcon.colcon_core.package_identification:_identify(esp-firmware/include) by extensions ['ignore', 'ignore_ament_install']
[2.903s] Level 1:colcon.colcon_core.package_identification:_identify(esp-firmware/include) by extension 'ignore'
[2.904s] Level 1:colcon.colcon_core.package_identification:_identify(esp-firmware/include) by extension 'ignore_ament_install'
[2.905s] Level 1:colcon.colcon_core.package_identification:_identify(esp-firmware/include) by extensions ['colcon_pkg']
[2.906s] Level 1:colcon.colcon_core.package_identification:_identify(esp-firmware/include) by extension 'colcon_pkg'
[2.906s] Level 1:colcon.colcon_core.package_identification:_identify(esp-firmware/include) by extensions ['colcon_meta']
[2.906s] Level 1:colcon.colcon_core.package_identification:_identify(esp-firmware/include) by extension 'colcon_meta'
[2.907s] Level 1:colcon.colcon_core.package_identification:_identify(esp-firmware/include) by extensions ['ros']
[2.907s] Level 1:colcon.colcon_core.package_identification:_identify(esp-firmware/include) by extension 'ros'
[2.908s] Level 1:colcon.colcon_core.package_identification:_identify(esp-firmware/include) by extensions ['cmake', 'python']
[2.911s] Level 1:colcon.colcon_core.package_identification:_identify(esp-firmware/include) by extension 'cmake'
[2.912s] Level 1:colcon.colcon_core.package_identification:_identify(esp-firmware/include) by extension 'python'
[2.913s] Level 1:colcon.colcon_core.package_identification:_identify(esp-firmware/include) by extensions ['python_setup_py']
[2.913s] Level 1:colcon.colcon_core.package_identification:_identify(esp-firmware/include) by extension 'python_setup_py'
[2.914s] Level 1:colcon.colcon_core.package_identification:_identify(esp-firmware/src) by extensions ['ignore', 'ignore_ament_install']
[2.915s] Level 1:colcon.colcon_core.package_identification:_identify(esp-firmware/src) by extension 'ignore'
[2.916s] Level 1:colcon.colcon_core.package_identification:_identify(esp-firmware/src) by extension 'ignore_ament_install'
[2.916s] Level 1:colcon.colcon_core.package_identification:_identify(esp-firmware/src) by extensions ['colcon_pkg']
[2.917s] Level 1:colcon.colcon_core.package_identification:_identify(esp-firmware/src) by extension 'colcon_pkg'
[2.917s] Level 1:colcon.colcon_core.package_identification:_identify(esp-firmware/src) by extensions ['colcon_meta']
[2.917s] Level 1:colcon.colcon_core.package_identification:_identify(esp-firmware/src) by extension 'colcon_meta'
[2.918s] Level 1:colcon.colcon_core.package_identification:_identify(esp-firmware/src) by extensions ['ros']
[2.918s] Level 1:colcon.colcon_core.package_identification:_identify(esp-firmware/src) by extension 'ros'
[2.924s] Level 1:colcon.colcon_core.package_identification:_identify(esp-firmware/src) by extensions ['cmake', 'python']
[2.925s] Level 1:colcon.colcon_core.package_identification:_identify(esp-firmware/src) by extension 'cmake'
[2.925s] Level 1:colcon.colcon_core.package_identification:_identify(esp-firmware/src) by extension 'python'
[2.926s] Level 1:colcon.colcon_core.package_identification:_identify(esp-firmware/src) by extensions ['python_setup_py']
[2.926s] Level 1:colcon.colcon_core.package_identification:_identify(esp-firmware/src) by extension 'python_setup_py'
[2.929s] Level 1:colcon.colcon_core.package_identification:_identify(install) by extensions ['ignore', 'ignore_ament_install']
[2.930s] Level 1:colcon.colcon_core.package_identification:_identify(install) by extension 'ignore'
[2.931s] Level 1:colcon.colcon_core.package_identification:_identify(install) ignored
[2.932s] Level 1:colcon.colcon_core.package_identification:_identify(log) by extensions ['ignore', 'ignore_ament_install']
[2.933s] Level 1:colcon.colcon_core.package_identification:_identify(log) by extension 'ignore'
[2.933s] Level 1:colcon.colcon_core.package_identification:_identify(log) ignored
[2.934s] Level 1:colcon.colcon_core.package_discovery:discover_packages(recursive) using defaults
[2.934s] Level 1:colcon.colcon_core.package_discovery:discover_packages(ignore) discover
[2.934s] Level 1:colcon.colcon_core.package_discovery:discover_packages(ignore) using defaults
[2.934s] Level 1:colcon.colcon_core.package_discovery:discover_packages(path) discover
[2.934s] Level 1:colcon.colcon_core.package_discovery:discover_packages(path) using defaults
[3.087s] Level 1:colcon.colcon_core.package_discovery:discover_packages(prefix_path) check parameters
[3.088s] Level 1:colcon.colcon_core.package_discovery:discover_packages(prefix_path) discover
[3.109s] DEBUG:colcon.colcon_installed_package_information.package_discovery:Found 185 installed packages in /opt/ros/humble
[3.118s] Level 1:colcon.colcon_core.package_discovery:discover_packages(prefix_path) using defaults
[3.449s] Level 5:colcon.colcon_core.verb:set package 'agribot_web' build argument 'cmake_args' from command line to 'None'
[3.450s] Level 5:colcon.colcon_core.verb:set package 'agribot_web' build argument 'cmake_target' from command line to 'None'
[3.450s] Level 5:colcon.colcon_core.verb:set package 'agribot_web' build argument 'cmake_target_skip_unavailable' from command line to 'False'
[3.450s] Level 5:colcon.colcon_core.verb:set package 'agribot_web' build argument 'cmake_clean_cache' from command line to 'False'
[3.450s] Level 5:colcon.colcon_core.verb:set package 'agribot_web' build argument 'cmake_clean_first' from command line to 'False'
[3.451s] Level 5:colcon.colcon_core.verb:set package 'agribot_web' build argument 'cmake_force_configure' from command line to 'False'
[3.451s] Level 5:colcon.colcon_core.verb:set package 'agribot_web' build argument 'ament_cmake_args' from command line to 'None'
[3.451s] Level 5:colcon.colcon_core.verb:set package 'agribot_web' build argument 'catkin_cmake_args' from command line to 'None'
[3.451s] Level 5:colcon.colcon_core.verb:set package 'agribot_web' build argument 'catkin_skip_building_tests' from command line to 'False'
[3.452s] DEBUG:colcon.colcon_core.verb:Building package 'agribot_web' with the following arguments: {'ament_cmake_args': None, 'build_base': '/home/agribot/agribot-ros2-v2/build/agribot_web', 'catkin_cmake_args': None, 'catkin_skip_building_tests': False, 'cmake_args': None, 'cmake_clean_cache': False, 'cmake_clean_first': False, 'cmake_force_configure': False, 'cmake_target': None, 'cmake_target_skip_unavailable': False, 'install_base': '/home/agribot/agribot-ros2-v2/install/agribot_web', 'merge_install': False, 'path': '/home/agribot/agribot-ros2-v2/agribot_web', 'symlink_install': False, 'test_result_base': None}
[3.453s] INFO:colcon.colcon_core.executor:Executing jobs using 'parallel' executor
[3.457s] DEBUG:colcon.colcon_parallel_executor.executor.parallel:run_until_complete
[3.460s] INFO:colcon.colcon_ros.task.ament_python.build:Building ROS package in '/home/agribot/agribot-ros2-v2/agribot_web' with build type 'ament_python'
[3.461s] Level 1:colcon.colcon_core.shell:create_environment_hook('agribot_web', 'ament_prefix_path')
[3.498s] INFO:colcon.colcon_core.plugin_system:Skipping extension 'colcon_core.shell.bat': Not used on non-Windows systems
[3.501s] INFO:colcon.colcon_core.shell:Creating environment hook '/home/agribot/agribot-ros2-v2/install/agribot_web/share/agribot_web/hook/ament_prefix_path.ps1'
[3.511s] INFO:colcon.colcon_core.shell:Creating environment descriptor '/home/agribot/agribot-ros2-v2/install/agribot_web/share/agribot_web/hook/ament_prefix_path.dsv'
[3.519s] INFO:colcon.colcon_core.shell:Creating environment hook '/home/agribot/agribot-ros2-v2/install/agribot_web/share/agribot_web/hook/ament_prefix_path.sh'
[3.530s] INFO:colcon.colcon_core.shell:Skip shell extension 'powershell' for command environment: Not usable outside of PowerShell
[3.532s] DEBUG:colcon.colcon_core.shell:Skip shell extension 'dsv' for command environment
[5.853s] INFO:colcon.colcon_core.task.python.build:Building Python package in '/home/agribot/agribot-ros2-v2/agribot_web'
[5.854s] INFO:colcon.colcon_core.shell:Skip shell extension 'powershell' for command environment: Not usable outside of PowerShell
[5.855s] DEBUG:colcon.colcon_core.shell:Skip shell extension 'dsv' for command environment
[9.082s] DEBUG:colcon.colcon_core.event_handler.log_command:Invoking command in '/home/agribot/agribot-ros2-v2/agribot_web': PYTHONPATH=/home/agribot/agribot-ros2-v2/build/agribot_web/prefix_override:/usr/lib/python3/dist-packages/colcon_core/task/python/colcon_distutils_commands:/home/agribot/agribot-ros2-v2/install/agribot_web/lib/python3.10/site-packages:${PYTHONPATH} /usr/bin/python3 -W ignore:setup.py install is deprecated -W ignore:easy_install command is deprecated setup.py egg_info --egg-base ../build/agribot_web build --build-base /home/agribot/agribot-ros2-v2/build/agribot_web/build install --record /home/agribot/agribot-ros2-v2/build/agribot_web/install.log --single-version-externally-managed install_data
[11.535s] DEBUG:colcon.colcon_core.event_handler.log_command:Invoked command in '/home/agribot/agribot-ros2-v2/agribot_web' returned '0': PYTHONPATH=/home/agribot/agribot-ros2-v2/build/agribot_web/prefix_override:/usr/lib/python3/dist-packages/colcon_core/task/python/colcon_distutils_commands:/home/agribot/agribot-ros2-v2/install/agribot_web/lib/python3.10/site-packages:${PYTHONPATH} /usr/bin/python3 -W ignore:setup.py install is deprecated -W ignore:easy_install command is deprecated setup.py egg_info --egg-base ../build/agribot_web build --build-base /home/agribot/agribot-ros2-v2/build/agribot_web/build install --record /home/agribot/agribot-ros2-v2/build/agribot_web/install.log --single-version-externally-managed install_data
[11.568s] Level 1:colcon.colcon_core.environment:checking '/home/agribot/agribot-ros2-v2/install/agribot_web' for CMake module files
[11.577s] Level 1:colcon.colcon_core.environment:checking '/home/agribot/agribot-ros2-v2/install/agribot_web' for CMake config files
[11.595s] Level 1:colcon.colcon_core.environment:checking '/home/agribot/agribot-ros2-v2/install/agribot_web/lib'
[11.597s] Level 1:colcon.colcon_core.environment:checking '/home/agribot/agribot-ros2-v2/install/agribot_web/bin'
[11.598s] Level 1:colcon.colcon_core.environment:checking '/home/agribot/agribot-ros2-v2/install/agribot_web/lib/pkgconfig/agribot_web.pc'
[11.600s] Level 1:colcon.colcon_core.environment:checking '/home/agribot/agribot-ros2-v2/install/agribot_web/lib/python3.10/site-packages'
[11.601s] Level 1:colcon.colcon_core.shell:create_environment_hook('agribot_web', 'pythonpath')
[11.605s] INFO:colcon.colcon_core.shell:Creating environment hook '/home/agribot/agribot-ros2-v2/install/agribot_web/share/agribot_web/hook/pythonpath.ps1'
[11.611s] INFO:colcon.colcon_core.shell:Creating environment descriptor '/home/agribot/agribot-ros2-v2/install/agribot_web/share/agribot_web/hook/pythonpath.dsv'
[11.615s] INFO:colcon.colcon_core.shell:Creating environment hook '/home/agribot/agribot-ros2-v2/install/agribot_web/share/agribot_web/hook/pythonpath.sh'
[11.622s] Level 1:colcon.colcon_core.environment:checking '/home/agribot/agribot-ros2-v2/install/agribot_web/bin'
[11.623s] Level 1:colcon.colcon_core.environment:create_environment_scripts_only(agribot_web)
[11.625s] INFO:colcon.colcon_core.shell:Creating package script '/home/agribot/agribot-ros2-v2/install/agribot_web/share/agribot_web/package.ps1'
[11.643s] INFO:colcon.colcon_core.shell:Creating package descriptor '/home/agribot/agribot-ros2-v2/install/agribot_web/share/agribot_web/package.dsv'
[11.647s] INFO:colcon.colcon_core.shell:Creating package script '/home/agribot/agribot-ros2-v2/install/agribot_web/share/agribot_web/package.sh'
[11.654s] INFO:colcon.colcon_core.shell:Creating package script '/home/agribot/agribot-ros2-v2/install/agribot_web/share/agribot_web/package.bash'
[11.661s] INFO:colcon.colcon_core.shell:Creating package script '/home/agribot/agribot-ros2-v2/install/agribot_web/share/agribot_web/package.zsh'
[11.665s] Level 1:colcon.colcon_core.environment:create_file_with_runtime_dependencies(/home/agribot/agribot-ros2-v2/install/agribot_web/share/colcon-core/packages/agribot_web)
[11.670s] DEBUG:colcon.colcon_parallel_executor.executor.parallel:closing loop
[11.671s] DEBUG:colcon.colcon_parallel_executor.executor.parallel:loop closed
[11.671s] DEBUG:colcon.colcon_parallel_executor.executor.parallel:run_until_complete finished with '0'
[11.673s] DEBUG:colcon.colcon_core.event_reactor:joining thread
[11.675s] DEBUG:colcon.colcon_core.event_reactor:joined thread
[11.677s] INFO:colcon.colcon_core.shell:Creating prefix script '/home/agribot/agribot-ros2-v2/install/local_setup.ps1'
[11.696s] INFO:colcon.colcon_core.shell:Creating prefix util module '/home/agribot/agribot-ros2-v2/install/_local_setup_util_ps1.py'
[11.706s] INFO:colcon.colcon_core.shell:Creating prefix chain script '/home/agribot/agribot-ros2-v2/install/setup.ps1'
[11.714s] INFO:colcon.colcon_core.shell:Creating prefix script '/home/agribot/agribot-ros2-v2/install/local_setup.sh'
[11.735s] INFO:colcon.colcon_core.shell:Creating prefix util module '/home/agribot/agribot-ros2-v2/install/_local_setup_util_sh.py'
[11.748s] INFO:colcon.colcon_core.shell:Creating prefix chain script '/home/agribot/agribot-ros2-v2/install/setup.sh'
[11.759s] INFO:colcon.colcon_core.shell:Creating prefix script '/home/agribot/agribot-ros2-v2/install/local_setup.bash'
[11.764s] INFO:colcon.colcon_core.shell:Creating prefix chain script '/home/agribot/agribot-ros2-v2/install/setup.bash'
[11.795s] INFO:colcon.colcon_core.shell:Creating prefix script '/home/agribot/agribot-ros2-v2/install/local_setup.zsh'
[11.800s] INFO:colcon.colcon_core.shell:Creating prefix chain script '/home/agribot/agribot-ros2-v2/install/setup.zsh'
