[INFO] [launch]: All log files can be found below /home/agribot/.ros/log/2026-07-07-18-21-28-913597-agripi-10342
[INFO] [launch]: Default logging verbosity is set to INFO
[INFO] [rosbridge_websocket-1]: process started with pid [10359]
[INFO] [sensor_logger-2]: process started with pid [10361]
[INFO] [obstacle_avoidance-3]: process started with pid [10363]
[INFO] [web_server-4]: process started with pid [10365]
[INFO] [micro_ros_agent-5]: process started with pid [10367]
[rosbridge_websocket-1] [WARN] [1783426892.787074242] [rosbridge_websocket]: The 'default_call_service_timeout' parameter is currently set to 0.0, which means service calls will block indefinitely if no response is received. Please note that in the Jazzy and later releases, the default value for this parameter will be updated to 5.0 seconds.
[rosbridge_websocket-1] [WARN] [1783426892.791902137] [rosbridge_websocket]: The 'call_services_in_new_thread' parameter is currently set to False, which means service calls will block the main thread. Please note that in the Jazzy and later releases, the default value for this parameter will be updated to True.
[rosbridge_websocket-1] [WARN] [1783426892.795536693] [rosbridge_websocket]: The 'send_action_goals_in_new_thread' parameter is currently set to False, which means sending action goals will block the main thread. Please note that in the Jazzy and later releases, the default value for this parameter will be updated to True.
[rosbridge_websocket-1] [INFO] [1783426892.808977946] [rosbridge_websocket]: Rosbridge WebSocket server started on port 9090
[micro_ros_agent-5] [35m[1783426893.130439][m info     | [34mUDPv4AgentLinux.cpp[m | [37minit                    [m | [32mrunning...[m             | port: 8888
[micro_ros_agent-5] [35m[1783426893.132619][m info     | [34mRoot.cpp          [m | [37mset_verbose_level       [m | [32mlogger setup[m           | verbose_level: 4
[sensor_logger-2] [INFO] [1783426894.002223671] [sensor_logger]: SQLite database ready at /home/agribot/.agribot/history.db
[obstacle_avoidance-3] [INFO] [1783426894.057284311] [obstacle_avoidance]: Obstacle avoidance active. Stop distance: 0.25m
[sensor_logger-2] [INFO] [1783426894.220015755] [sensor_logger]: SensorLogger node started – waiting for DHT11 data
[web_server-4] /home/agribot/agribot-ros2-v2/install/agribot_web/lib/python3.10/site-packages/agribot_web/web_server.py:166: DeprecationWarning: 
[web_server-4]         on_event is deprecated, use lifespan event handlers instead.
[web_server-4] 
[web_server-4]         Read more about it in the
[web_server-4]         [FastAPI docs for Lifespan Events](https://fastapi.tiangolo.com/advanced/events/).
[web_server-4]         
[web_server-4]   @app.on_event('startup')
[web_server-4] INFO:     Started server process [10365]
[web_server-4] INFO:     Waiting for application startup.
[web_server-4] INFO:     Application startup complete.
[web_server-4] INFO:     Uvicorn running on http://0.0.0.0:8080 (Press CTRL+C to quit)
