running egg_info
creating ../build/agribot_web/agribot_web.egg-info
writing ../build/agribot_web/agribot_web.egg-info/PKG-INFO
writing dependency_links to ../build/agribot_web/agribot_web.egg-info/dependency_links.txt
writing entry points to ../build/agribot_web/agribot_web.egg-info/entry_points.txt
writing requirements to ../build/agribot_web/agribot_web.egg-info/requires.txt
writing top-level names to ../build/agribot_web/agribot_web.egg-info/top_level.txt
writing manifest file '../build/agribot_web/agribot_web.egg-info/SOURCES.txt'
reading manifest file '../build/agribot_web/agribot_web.egg-info/SOURCES.txt'
writing manifest file '../build/agribot_web/agribot_web.egg-info/SOURCES.txt'
running build
running build_py
creating /home/agribot/agribot-ros2-v2/build/agribot_web/build
creating /home/agribot/agribot-ros2-v2/build/agribot_web/build/lib
creating /home/agribot/agribot-ros2-v2/build/agribot_web/build/lib/agribot_web
copying agribot_web/__init__.py -> /home/agribot/agribot-ros2-v2/build/agribot_web/build/lib/agribot_web
copying agribot_web/sensor_logger.py -> /home/agribot/agribot-ros2-v2/build/agribot_web/build/lib/agribot_web
copying agribot_web/web_server.py -> /home/agribot/agribot-ros2-v2/build/agribot_web/build/lib/agribot_web
running install
running install_lib
creating /home/agribot/agribot-ros2-v2/install/agribot_web/lib/python3.10/site-packages/agribot_web
copying /home/agribot/agribot-ros2-v2/build/agribot_web/build/lib/agribot_web/__init__.py -> /home/agribot/agribot-ros2-v2/install/agribot_web/lib/python3.10/site-packages/agribot_web
copying /home/agribot/agribot-ros2-v2/build/agribot_web/build/lib/agribot_web/sensor_logger.py -> /home/agribot/agribot-ros2-v2/install/agribot_web/lib/python3.10/site-packages/agribot_web
copying /home/agribot/agribot-ros2-v2/build/agribot_web/build/lib/agribot_web/web_server.py -> /home/agribot/agribot-ros2-v2/install/agribot_web/lib/python3.10/site-packages/agribot_web
byte-compiling /home/agribot/agribot-ros2-v2/install/agribot_web/lib/python3.10/site-packages/agribot_web/__init__.py to __init__.cpython-310.pyc
byte-compiling /home/agribot/agribot-ros2-v2/install/agribot_web/lib/python3.10/site-packages/agribot_web/sensor_logger.py to sensor_logger.cpython-310.pyc
byte-compiling /home/agribot/agribot-ros2-v2/install/agribot_web/lib/python3.10/site-packages/agribot_web/web_server.py to web_server.cpython-310.pyc
running install_data
creating /home/agribot/agribot-ros2-v2/install/agribot_web/share
creating /home/agribot/agribot-ros2-v2/install/agribot_web/share/ament_index
creating /home/agribot/agribot-ros2-v2/install/agribot_web/share/ament_index/resource_index
creating /home/agribot/agribot-ros2-v2/install/agribot_web/share/ament_index/resource_index/packages
copying resource/agribot_web -> /home/agribot/agribot-ros2-v2/install/agribot_web/share/ament_index/resource_index/packages
creating /home/agribot/agribot-ros2-v2/install/agribot_web/share/agribot_web
copying package.xml -> /home/agribot/agribot-ros2-v2/install/agribot_web/share/agribot_web
creating /home/agribot/agribot-ros2-v2/install/agribot_web/share/agribot_web/launch
copying launch/agribot_web.launch.py -> /home/agribot/agribot-ros2-v2/install/agribot_web/share/agribot_web/launch
running install_egg_info
Copying ../build/agribot_web/agribot_web.egg-info to /home/agribot/agribot-ros2-v2/install/agribot_web/lib/python3.10/site-packages/agribot_web-1.0.0-py3.10.egg-info
running install_scripts
Installing sensor_logger script to /home/agribot/agribot-ros2-v2/install/agribot_web/lib/agribot_web
Installing web_server script to /home/agribot/agribot-ros2-v2/install/agribot_web/lib/agribot_web
writing list of installed files to '/home/agribot/agribot-ros2-v2/build/agribot_web/install.log'
