[4.976s] Invoking command in '/home/agribot/agribot-ros2-v2/agribot_web': PYTHONPATH=/home/agribot/agribot-ros2-v2/build/agribot_web/prefix_override:/usr/lib/python3/dist-packages/colcon_core/task/python/colcon_distutils_commands:/home/agribot/agribot-ros2-v2/install/agribot_web/lib/python3.10/site-packages:${PYTHONPATH} /usr/bin/python3 -W ignore:setup.py install is deprecated -W ignore:easy_install command is deprecated setup.py egg_info --egg-base ../build/agribot_web build --build-base /home/agribot/agribot-ros2-v2/build/agribot_web/build install --record /home/agribot/agribot-ros2-v2/build/agribot_web/install.log --install-scripts $base/lib/agribot_web --single-version-externally-managed install_data
[6.543s] running egg_info
[6.547s] writing ../build/agribot_web/agribot_web.egg-info/PKG-INFO
[6.549s] writing dependency_links to ../build/agribot_web/agribot_web.egg-info/dependency_links.txt
[6.552s] writing entry points to ../build/agribot_web/agribot_web.egg-info/entry_points.txt
[6.553s] writing requirements to ../build/agribot_web/agribot_web.egg-info/requires.txt
[6.554s] writing top-level names to ../build/agribot_web/agribot_web.egg-info/top_level.txt
[6.564s] reading manifest file '../build/agribot_web/agribot_web.egg-info/SOURCES.txt'
[6.571s] writing manifest file '../build/agribot_web/agribot_web.egg-info/SOURCES.txt'
[6.572s] running build
[6.573s] running build_py
[6.574s] copying agribot_web/sensor_logger.py -> /home/agribot/agribot-ros2-v2/build/agribot_web/build/lib/agribot_web
[6.577s] running install
[6.579s] running install_lib
[6.583s] copying /home/agribot/agribot-ros2-v2/build/agribot_web/build/lib/agribot_web/sensor_logger.py -> /home/agribot/agribot-ros2-v2/install/agribot_web/lib/python3.10/site-packages/agribot_web
[6.587s] byte-compiling /home/agribot/agribot-ros2-v2/install/agribot_web/lib/python3.10/site-packages/agribot_web/sensor_logger.py to sensor_logger.cpython-310.pyc
[6.591s] running install_data
[6.592s] running install_egg_info
[6.603s] removing '/home/agribot/agribot-ros2-v2/install/agribot_web/lib/python3.10/site-packages/agribot_web-1.0.0-py3.10.egg-info' (and everything under it)
[6.604s] Copying ../build/agribot_web/agribot_web.egg-info to /home/agribot/agribot-ros2-v2/install/agribot_web/lib/python3.10/site-packages/agribot_web-1.0.0-py3.10.egg-info
[6.621s] running install_scripts
[6.725s] Installing sensor_logger script to /home/agribot/agribot-ros2-v2/install/agribot_web/lib/agribot_web
[6.726s] Installing web_server script to /home/agribot/agribot-ros2-v2/install/agribot_web/lib/agribot_web
[6.727s] writing list of installed files to '/home/agribot/agribot-ros2-v2/build/agribot_web/install.log'
[6.878s] Invoked command in '/home/agribot/agribot-ros2-v2/agribot_web' returned '0': PYTHONPATH=/home/agribot/agribot-ros2-v2/build/agribot_web/prefix_override:/usr/lib/python3/dist-packages/colcon_core/task/python/colcon_distutils_commands:/home/agribot/agribot-ros2-v2/install/agribot_web/lib/python3.10/site-packages:${PYTHONPATH} /usr/bin/python3 -W ignore:setup.py install is deprecated -W ignore:easy_install command is deprecated setup.py egg_info --egg-base ../build/agribot_web build --build-base /home/agribot/agribot-ros2-v2/build/agribot_web/build install --record /home/agribot/agribot-ros2-v2/build/agribot_web/install.log --install-scripts $base/lib/agribot_web --single-version-externally-managed install_data
