running egg_info
writing ../build/agribot_web/agribot_web.egg-info/PKG-INFO
writing dependency_links to ../build/agribot_web/agribot_web.egg-info/dependency_links.txt
writing entry points to ../build/agribot_web/agribot_web.egg-info/entry_points.txt
writing requirements to ../build/agribot_web/agribot_web.egg-info/requires.txt
writing top-level names to ../build/agribot_web/agribot_web.egg-info/top_level.txt
reading manifest file '../build/agribot_web/agribot_web.egg-info/SOURCES.txt'
writing manifest file '../build/agribot_web/agribot_web.egg-info/SOURCES.txt'
running build
running build_py
copying agribot_web/sensor_logger.py -> /home/agribot/agribot-ros2-v2/build/agribot_web/build/lib/agribot_web
copying agribot_web/synthetic_moisture_node.py -> /home/agribot/agribot-ros2-v2/build/agribot_web/build/lib/agribot_web
copying agribot_web/web_server.py -> /home/agribot/agribot-ros2-v2/build/agribot_web/build/lib/agribot_web
running install
running install_lib
copying /home/agribot/agribot-ros2-v2/build/agribot_web/build/lib/agribot_web/sensor_logger.py -> /home/agribot/agribot-ros2-v2/install/agribot_web/lib/python3.10/site-packages/agribot_web
copying /home/agribot/agribot-ros2-v2/build/agribot_web/build/lib/agribot_web/synthetic_moisture_node.py -> /home/agribot/agribot-ros2-v2/install/agribot_web/lib/python3.10/site-packages/agribot_web
copying /home/agribot/agribot-ros2-v2/build/agribot_web/build/lib/agribot_web/web_server.py -> /home/agribot/agribot-ros2-v2/install/agribot_web/lib/python3.10/site-packages/agribot_web
byte-compiling /home/agribot/agribot-ros2-v2/install/agribot_web/lib/python3.10/site-packages/agribot_web/sensor_logger.py to sensor_logger.cpython-310.pyc
byte-compiling /home/agribot/agribot-ros2-v2/install/agribot_web/lib/python3.10/site-packages/agribot_web/synthetic_moisture_node.py to synthetic_moisture_node.cpython-310.pyc
byte-compiling /home/agribot/agribot-ros2-v2/install/agribot_web/lib/python3.10/site-packages/agribot_web/web_server.py to web_server.cpython-310.pyc
running install_data
running install_egg_info
removing '/home/agribot/agribot-ros2-v2/install/agribot_web/lib/python3.10/site-packages/agribot_web-1.0.0-py3.10.egg-info' (and everything under it)
Copying ../build/agribot_web/agribot_web.egg-info to /home/agribot/agribot-ros2-v2/install/agribot_web/lib/python3.10/site-packages/agribot_web-1.0.0-py3.10.egg-info
running install_scripts
Installing obstacle_avoidance script to /home/agribot/agribot-ros2-v2/install/agribot_web/lib/agribot_web
Installing sensor_logger script to /home/agribot/agribot-ros2-v2/install/agribot_web/lib/agribot_web
Installing synthetic_moisture_node script to /home/agribot/agribot-ros2-v2/install/agribot_web/lib/agribot_web
Installing web_server script to /home/agribot/agribot-ros2-v2/install/agribot_web/lib/agribot_web
writing list of installed files to '/home/agribot/agribot-ros2-v2/build/agribot_web/install.log'
