[0.640s] DEBUG:colcon:Command line arguments: ['/usr/bin/colcon', 'build']
[0.641s] DEBUG:colcon:Parsed command line arguments: Namespace(log_base=None, log_level=None, verb_name='build', build_base='build', install_base='install', merge_install=False, symlink_install=False, test_result_base=None, continue_on_error=False, executor='parallel', parallel_workers=4, event_handlers=None, ignore_user_meta=False, metas=['./colcon.meta'], base_paths=['.'], packages_ignore=None, packages_ignore_regex=None, paths=None, packages_up_to=None, packages_up_to_regex=None, packages_above=None, packages_above_and_dependencies=None, packages_above_depth=None, packages_select_by_dep=None, packages_skip_by_dep=None, packages_skip_up_to=None, packages_select_build_failed=False, packages_skip_build_finished=False, packages_select_test_failures=False, packages_skip_test_passed=False, packages_select=None, packages_skip=None, packages_select_regex=None, packages_skip_regex=None, packages_start=None, packages_end=None, allow_overriding=[], cmake_args=None, cmake_target=None, cmake_target_skip_unavailable=False, cmake_clean_cache=False, cmake_clean_first=False, cmake_force_configure=False, ament_cmake_args=None, catkin_cmake_args=None, catkin_skip_building_tests=False, mixin_files=None, mixin=None, verb_parser=<colcon_mixin.mixin.mixin_argument.MixinArgumentDecorator object at 0xffffa7c34250>, verb_extension=<colcon_core.verb.build.BuildVerb object at 0xffffa7d2c820>, main=<bound method BuildVerb.main of <colcon_core.verb.build.BuildVerb object at 0xffffa7d2c820>>, mixin_verb=('build',))
[1.673s] Level 1:colcon.colcon_core.package_discovery:discover_packages(colcon_meta) check parameters
[1.674s] Level 1:colcon.colcon_core.package_discovery:discover_packages(recursive) check parameters
[1.675s] Level 1:colcon.colcon_core.package_discovery:discover_packages(ignore) check parameters
[1.675s] Level 1:colcon.colcon_core.package_discovery:discover_packages(path) check parameters
[1.676s] Level 1:colcon.colcon_core.package_discovery:discover_packages(colcon_meta) discover
[1.676s] Level 1:colcon.colcon_core.package_discovery:discover_packages(recursive) discover
[1.676s] INFO:colcon.colcon_core.package_discovery:Crawling recursively for packages in '/home/agribot/agribot-ros2-v2'
[1.677s] Level 1:colcon.colcon_core.package_identification:_identify(.) by extensions ['ignore', 'ignore_ament_install']
[1.677s] Level 1:colcon.colcon_core.package_identification:_identify(.) by extension 'ignore'
[1.678s] Level 1:colcon.colcon_core.package_identification:_identify(.) by extension 'ignore_ament_install'
[1.679s] Level 1:colcon.colcon_core.package_identification:_identify(.) by extensions ['colcon_pkg']
[1.679s] Level 1:colcon.colcon_core.package_identification:_identify(.) by extension 'colcon_pkg'
[1.680s] Level 1:colcon.colcon_core.package_identification:_identify(.) by extensions ['colcon_meta']
[1.680s] Level 1:colcon.colcon_core.package_identification:_identify(.) by extension 'colcon_meta'
[1.681s] Level 1:colcon.colcon_core.package_identification:_identify(.) by extensions ['ros']
[1.681s] Level 1:colcon.colcon_core.package_identification:_identify(.) by extension 'ros'
[1.744s] Level 1:colcon.colcon_core.package_identification:_identify(.) by extensions ['cmake', 'python']
[1.745s] Level 1:colcon.colcon_core.package_identification:_identify(.) by extension 'cmake'
[1.745s] Level 1:colcon.colcon_core.package_identification:_identify(.) by extension 'python'
[1.745s] Level 1:colcon.colcon_core.package_identification:_identify(.) by extensions ['python_setup_py']
[1.746s] Level 1:colcon.colcon_core.package_identification:_identify(.) by extension 'python_setup_py'
[1.747s] Level 1:colcon.colcon_core.package_identification:_identify(agribot) by extensions ['ignore', 'ignore_ament_install']
[1.748s] Level 1:colcon.colcon_core.package_identification:_identify(agribot) by extension 'ignore'
[1.749s] Level 1:colcon.colcon_core.package_identification:_identify(agribot) by extension 'ignore_ament_install'
[1.749s] Level 1:colcon.colcon_core.package_identification:_identify(agribot) by extensions ['colcon_pkg']
[1.750s] Level 1:colcon.colcon_core.package_identification:_identify(agribot) by extension 'colcon_pkg'
[1.750s] Level 1:colcon.colcon_core.package_identification:_identify(agribot) by extensions ['colcon_meta']
[1.751s] Level 1:colcon.colcon_core.package_identification:_identify(agribot) by extension 'colcon_meta'
[1.751s] Level 1:colcon.colcon_core.package_identification:_identify(agribot) by extensions ['ros']
[1.751s] Level 1:colcon.colcon_core.package_identification:_identify(agribot) by extension 'ros'
[1.751s] Level 1:colcon.colcon_core.package_identification:_identify(agribot) by extensions ['cmake', 'python']
[1.752s] Level 1:colcon.colcon_core.package_identification:_identify(agribot) by extension 'cmake'
[1.752s] Level 1:colcon.colcon_core.package_identification:_identify(agribot) by extension 'python'
[1.753s] Level 1:colcon.colcon_core.package_identification:_identify(agribot) by extensions ['python_setup_py']
[1.753s] Level 1:colcon.colcon_core.package_identification:_identify(agribot) by extension 'python_setup_py'
[1.753s] Level 1:colcon.colcon_core.package_identification:_identify(agribot/esp32_cam) by extensions ['ignore', 'ignore_ament_install']
[1.754s] Level 1:colcon.colcon_core.package_identification:_identify(agribot/esp32_cam) by extension 'ignore'
[1.754s] Level 1:colcon.colcon_core.package_identification:_identify(agribot/esp32_cam) by extension 'ignore_ament_install'
[1.754s] Level 1:colcon.colcon_core.package_identification:_identify(agribot/esp32_cam) by extensions ['colcon_pkg']
[1.755s] Level 1:colcon.colcon_core.package_identification:_identify(agribot/esp32_cam) by extension 'colcon_pkg'
[1.755s] Level 1:colcon.colcon_core.package_identification:_identify(agribot/esp32_cam) by extensions ['colcon_meta']
[1.755s] Level 1:colcon.colcon_core.package_identification:_identify(agribot/esp32_cam) by extension 'colcon_meta'
[1.755s] Level 1:colcon.colcon_core.package_identification:_identify(agribot/esp32_cam) by extensions ['ros']
[1.755s] Level 1:colcon.colcon_core.package_identification:_identify(agribot/esp32_cam) by extension 'ros'
[1.756s] Level 1:colcon.colcon_core.package_identification:_identify(agribot/esp32_cam) by extensions ['cmake', 'python']
[1.756s] Level 1:colcon.colcon_core.package_identification:_identify(agribot/esp32_cam) by extension 'cmake'
[1.756s] Level 1:colcon.colcon_core.package_identification:_identify(agribot/esp32_cam) by extension 'python'
[1.757s] Level 1:colcon.colcon_core.package_identification:_identify(agribot/esp32_cam) by extensions ['python_setup_py']
[1.757s] Level 1:colcon.colcon_core.package_identification:_identify(agribot/esp32_cam) by extension 'python_setup_py'
[1.757s] Level 1:colcon.colcon_core.package_identification:_identify(agribot/esp32_main) by extensions ['ignore', 'ignore_ament_install']
[1.758s] Level 1:colcon.colcon_core.package_identification:_identify(agribot/esp32_main) by extension 'ignore'
[1.758s] Level 1:colcon.colcon_core.package_identification:_identify(agribot/esp32_main) by extension 'ignore_ament_install'
[1.759s] Level 1:colcon.colcon_core.package_identification:_identify(agribot/esp32_main) by extensions ['colcon_pkg']
[1.759s] Level 1:colcon.colcon_core.package_identification:_identify(agribot/esp32_main) by extension 'colcon_pkg'
[1.759s] Level 1:colcon.colcon_core.package_identification:_identify(agribot/esp32_main) by extensions ['colcon_meta']
[1.760s] Level 1:colcon.colcon_core.package_identification:_identify(agribot/esp32_main) by extension 'colcon_meta'
[1.761s] Level 1:colcon.colcon_core.package_identification:_identify(agribot/esp32_main) by extensions ['ros']
[1.761s] Level 1:colcon.colcon_core.package_identification:_identify(agribot/esp32_main) by extension 'ros'
[1.761s] Level 1:colcon.colcon_core.package_identification:_identify(agribot/esp32_main) by extensions ['cmake', 'python']
[1.762s] Level 1:colcon.colcon_core.package_identification:_identify(agribot/esp32_main) by extension 'cmake'
[1.762s] Level 1:colcon.colcon_core.package_identification:_identify(agribot/esp32_main) by extension 'python'
[1.763s] Level 1:colcon.colcon_core.package_identification:_identify(agribot/esp32_main) by extensions ['python_setup_py']
[1.763s] Level 1:colcon.colcon_core.package_identification:_identify(agribot/esp32_main) by extension 'python_setup_py'
[1.764s] Level 1:colcon.colcon_core.package_identification:_identify(agribot/firebase) by extensions ['ignore', 'ignore_ament_install']
[1.765s] Level 1:colcon.colcon_core.package_identification:_identify(agribot/firebase) by extension 'ignore'
[1.766s] Level 1:colcon.colcon_core.package_identification:_identify(agribot/firebase) by extension 'ignore_ament_install'
[1.766s] Level 1:colcon.colcon_core.package_identification:_identify(agribot/firebase) by extensions ['colcon_pkg']
[1.767s] Level 1:colcon.colcon_core.package_identification:_identify(agribot/firebase) by extension 'colcon_pkg'
[1.767s] Level 1:colcon.colcon_core.package_identification:_identify(agribot/firebase) by extensions ['colcon_meta']
[1.767s] Level 1:colcon.colcon_core.package_identification:_identify(agribot/firebase) by extension 'colcon_meta'
[1.768s] Level 1:colcon.colcon_core.package_identification:_identify(agribot/firebase) by extensions ['ros']
[1.768s] Level 1:colcon.colcon_core.package_identification:_identify(agribot/firebase) by extension 'ros'
[1.769s] Level 1:colcon.colcon_core.package_identification:_identify(agribot/firebase) by extensions ['cmake', 'python']
[1.769s] Level 1:colcon.colcon_core.package_identification:_identify(agribot/firebase) by extension 'cmake'
[1.770s] Level 1:colcon.colcon_core.package_identification:_identify(agribot/firebase) by extension 'python'
[1.770s] Level 1:colcon.colcon_core.package_identification:_identify(agribot/firebase) by extensions ['python_setup_py']
[1.771s] Level 1:colcon.colcon_core.package_identification:_identify(agribot/firebase) by extension 'python_setup_py'
[1.772s] Level 1:colcon.colcon_core.package_identification:_identify(agribot/webapp) by extensions ['ignore', 'ignore_ament_install']
[1.773s] Level 1:colcon.colcon_core.package_identification:_identify(agribot/webapp) by extension 'ignore'
[1.773s] Level 1:colcon.colcon_core.package_identification:_identify(agribot/webapp) by extension 'ignore_ament_install'
[1.774s] Level 1:colcon.colcon_core.package_identification:_identify(agribot/webapp) by extensions ['colcon_pkg']
[1.774s] Level 1:colcon.colcon_core.package_identification:_identify(agribot/webapp) by extension 'colcon_pkg'
[1.775s] Level 1:colcon.colcon_core.package_identification:_identify(agribot/webapp) by extensions ['colcon_meta']
[1.775s] Level 1:colcon.colcon_core.package_identification:_identify(agribot/webapp) by extension 'colcon_meta'
[1.775s] Level 1:colcon.colcon_core.package_identification:_identify(agribot/webapp) by extensions ['ros']
[1.776s] Level 1:colcon.colcon_core.package_identification:_identify(agribot/webapp) by extension 'ros'
[1.776s] Level 1:colcon.colcon_core.package_identification:_identify(agribot/webapp) by extensions ['cmake', 'python']
[1.776s] Level 1:colcon.colcon_core.package_identification:_identify(agribot/webapp) by extension 'cmake'
[1.777s] Level 1:colcon.colcon_core.package_identification:_identify(agribot/webapp) by extension 'python'
[1.777s] Level 1:colcon.colcon_core.package_identification:_identify(agribot/webapp) by extensions ['python_setup_py']
[1.777s] Level 1:colcon.colcon_core.package_identification:_identify(agribot/webapp) by extension 'python_setup_py'
[1.778s] Level 1:colcon.colcon_core.package_identification:_identify(agribot/webapp/public) by extensions ['ignore', 'ignore_ament_install']
[1.779s] Level 1:colcon.colcon_core.package_identification:_identify(agribot/webapp/public) by extension 'ignore'
[1.779s] Level 1:colcon.colcon_core.package_identification:_identify(agribot/webapp/public) by extension 'ignore_ament_install'
[1.779s] Level 1:colcon.colcon_core.package_identification:_identify(agribot/webapp/public) by extensions ['colcon_pkg']
[1.780s] Level 1:colcon.colcon_core.package_identification:_identify(agribot/webapp/public) by extension 'colcon_pkg'
[1.780s] Level 1:colcon.colcon_core.package_identification:_identify(agribot/webapp/public) by extensions ['colcon_meta']
[1.780s] Level 1:colcon.colcon_core.package_identification:_identify(agribot/webapp/public) by extension 'colcon_meta'
[1.780s] Level 1:colcon.colcon_core.package_identification:_identify(agribot/webapp/public) by extensions ['ros']
[1.781s] Level 1:colcon.colcon_core.package_identification:_identify(agribot/webapp/public) by extension 'ros'
[1.781s] Level 1:colcon.colcon_core.package_identification:_identify(agribot/webapp/public) by extensions ['cmake', 'python']
[1.781s] Level 1:colcon.colcon_core.package_identification:_identify(agribot/webapp/public) by extension 'cmake'
[1.781s] Level 1:colcon.colcon_core.package_identification:_identify(agribot/webapp/public) by extension 'python'
[1.781s] Level 1:colcon.colcon_core.package_identification:_identify(agribot/webapp/public) by extensions ['python_setup_py']
[1.782s] Level 1:colcon.colcon_core.package_identification:_identify(agribot/webapp/public) by extension 'python_setup_py'
[1.782s] Level 1:colcon.colcon_core.package_identification:_identify(agribot/webapp/src) by extensions ['ignore', 'ignore_ament_install']
[1.783s] Level 1:colcon.colcon_core.package_identification:_identify(agribot/webapp/src) by extension 'ignore'
[1.783s] Level 1:colcon.colcon_core.package_identification:_identify(agribot/webapp/src) by extension 'ignore_ament_install'
[1.783s] Level 1:colcon.colcon_core.package_identification:_identify(agribot/webapp/src) by extensions ['colcon_pkg']
[1.783s] Level 1:colcon.colcon_core.package_identification:_identify(agribot/webapp/src) by extension 'colcon_pkg'
[1.784s] Level 1:colcon.colcon_core.package_identification:_identify(agribot/webapp/src) by extensions ['colcon_meta']
[1.784s] Level 1:colcon.colcon_core.package_identification:_identify(agribot/webapp/src) by extension 'colcon_meta'
[1.784s] Level 1:colcon.colcon_core.package_identification:_identify(agribot/webapp/src) by extensions ['ros']
[1.784s] Level 1:colcon.colcon_core.package_identification:_identify(agribot/webapp/src) by extension 'ros'
[1.785s] Level 1:colcon.colcon_core.package_identification:_identify(agribot/webapp/src) by extensions ['cmake', 'python']
[1.785s] Level 1:colcon.colcon_core.package_identification:_identify(agribot/webapp/src) by extension 'cmake'
[1.785s] Level 1:colcon.colcon_core.package_identification:_identify(agribot/webapp/src) by extension 'python'
[1.785s] Level 1:colcon.colcon_core.package_identification:_identify(agribot/webapp/src) by extensions ['python_setup_py']
[1.785s] Level 1:colcon.colcon_core.package_identification:_identify(agribot/webapp/src) by extension 'python_setup_py'
[1.786s] Level 1:colcon.colcon_core.package_identification:_identify(agribot/webapp/src/assets) by extensions ['ignore', 'ignore_ament_install']
[1.787s] Level 1:colcon.colcon_core.package_identification:_identify(agribot/webapp/src/assets) by extension 'ignore'
[1.787s] Level 1:colcon.colcon_core.package_identification:_identify(agribot/webapp/src/assets) by extension 'ignore_ament_install'
[1.787s] Level 1:colcon.colcon_core.package_identification:_identify(agribot/webapp/src/assets) by extensions ['colcon_pkg']
[1.787s] Level 1:colcon.colcon_core.package_identification:_identify(agribot/webapp/src/assets) by extension 'colcon_pkg'
[1.788s] Level 1:colcon.colcon_core.package_identification:_identify(agribot/webapp/src/assets) by extensions ['colcon_meta']
[1.788s] Level 1:colcon.colcon_core.package_identification:_identify(agribot/webapp/src/assets) by extension 'colcon_meta'
[1.788s] Level 1:colcon.colcon_core.package_identification:_identify(agribot/webapp/src/assets) by extensions ['ros']
[1.788s] Level 1:colcon.colcon_core.package_identification:_identify(agribot/webapp/src/assets) by extension 'ros'
[1.789s] Level 1:colcon.colcon_core.package_identification:_identify(agribot/webapp/src/assets) by extensions ['cmake', 'python']
[1.789s] Level 1:colcon.colcon_core.package_identification:_identify(agribot/webapp/src/assets) by extension 'cmake'
[1.789s] Level 1:colcon.colcon_core.package_identification:_identify(agribot/webapp/src/assets) by extension 'python'
[1.789s] Level 1:colcon.colcon_core.package_identification:_identify(agribot/webapp/src/assets) by extensions ['python_setup_py']
[1.789s] Level 1:colcon.colcon_core.package_identification:_identify(agribot/webapp/src/assets) by extension 'python_setup_py'
[1.790s] Level 1:colcon.colcon_core.package_identification:_identify(agribot/webapp/src/components) by extensions ['ignore', 'ignore_ament_install']
[1.790s] Level 1:colcon.colcon_core.package_identification:_identify(agribot/webapp/src/components) by extension 'ignore'
[1.791s] Level 1:colcon.colcon_core.package_identification:_identify(agribot/webapp/src/components) by extension 'ignore_ament_install'
[1.791s] Level 1:colcon.colcon_core.package_identification:_identify(agribot/webapp/src/components) by extensions ['colcon_pkg']
[1.791s] Level 1:colcon.colcon_core.package_identification:_identify(agribot/webapp/src/components) by extension 'colcon_pkg'
[1.792s] Level 1:colcon.colcon_core.package_identification:_identify(agribot/webapp/src/components) by extensions ['colcon_meta']
[1.792s] Level 1:colcon.colcon_core.package_identification:_identify(agribot/webapp/src/components) by extension 'colcon_meta'
[1.792s] Level 1:colcon.colcon_core.package_identification:_identify(agribot/webapp/src/components) by extensions ['ros']
[1.792s] Level 1:colcon.colcon_core.package_identification:_identify(agribot/webapp/src/components) by extension 'ros'
[1.793s] Level 1:colcon.colcon_core.package_identification:_identify(agribot/webapp/src/components) by extensions ['cmake', 'python']
[1.793s] Level 1:colcon.colcon_core.package_identification:_identify(agribot/webapp/src/components) by extension 'cmake'
[1.793s] Level 1:colcon.colcon_core.package_identification:_identify(agribot/webapp/src/components) by extension 'python'
[1.793s] Level 1:colcon.colcon_core.package_identification:_identify(agribot/webapp/src/components) by extensions ['python_setup_py']
[1.793s] Level 1:colcon.colcon_core.package_identification:_identify(agribot/webapp/src/components) by extension 'python_setup_py'
[1.794s] Level 1:colcon.colcon_core.package_identification:_identify(agribot/webapp/src/pages) by extensions ['ignore', 'ignore_ament_install']
[1.795s] Level 1:colcon.colcon_core.package_identification:_identify(agribot/webapp/src/pages) by extension 'ignore'
[1.795s] Level 1:colcon.colcon_core.package_identification:_identify(agribot/webapp/src/pages) by extension 'ignore_ament_install'
[1.795s] Level 1:colcon.colcon_core.package_identification:_identify(agribot/webapp/src/pages) by extensions ['colcon_pkg']
[1.796s] Level 1:colcon.colcon_core.package_identification:_identify(agribot/webapp/src/pages) by extension 'colcon_pkg'
[1.796s] Level 1:colcon.colcon_core.package_identification:_identify(agribot/webapp/src/pages) by extensions ['colcon_meta']
[1.796s] Level 1:colcon.colcon_core.package_identification:_identify(agribot/webapp/src/pages) by extension 'colcon_meta'
[1.797s] Level 1:colcon.colcon_core.package_identification:_identify(agribot/webapp/src/pages) by extensions ['ros']
[1.797s] Level 1:colcon.colcon_core.package_identification:_identify(agribot/webapp/src/pages) by extension 'ros'
[1.798s] Level 1:colcon.colcon_core.package_identification:_identify(agribot/webapp/src/pages) by extensions ['cmake', 'python']
[1.798s] Level 1:colcon.colcon_core.package_identification:_identify(agribot/webapp/src/pages) by extension 'cmake'
[1.799s] Level 1:colcon.colcon_core.package_identification:_identify(agribot/webapp/src/pages) by extension 'python'
[1.799s] Level 1:colcon.colcon_core.package_identification:_identify(agribot/webapp/src/pages) by extensions ['python_setup_py']
[1.799s] Level 1:colcon.colcon_core.package_identification:_identify(agribot/webapp/src/pages) by extension 'python_setup_py'
[1.800s] Level 1:colcon.colcon_core.package_identification:_identify(agribot_web) by extensions ['ignore', 'ignore_ament_install']
[1.801s] Level 1:colcon.colcon_core.package_identification:_identify(agribot_web) by extension 'ignore'
[1.801s] Level 1:colcon.colcon_core.package_identification:_identify(agribot_web) by extension 'ignore_ament_install'
[1.802s] Level 1:colcon.colcon_core.package_identification:_identify(agribot_web) by extensions ['colcon_pkg']
[1.802s] Level 1:colcon.colcon_core.package_identification:_identify(agribot_web) by extension 'colcon_pkg'
[1.802s] Level 1:colcon.colcon_core.package_identification:_identify(agribot_web) by extensions ['colcon_meta']
[1.802s] Level 1:colcon.colcon_core.package_identification:_identify(agribot_web) by extension 'colcon_meta'
[1.803s] Level 1:colcon.colcon_core.package_identification:_identify(agribot_web) by extensions ['ros']
[1.803s] Level 1:colcon.colcon_core.package_identification:_identify(agribot_web) by extension 'ros'
[1.812s] DEBUG:colcon.colcon_core.package_identification:Package 'agribot_web' with type 'ros.ament_python' and name 'agribot_web'
[1.813s] Level 1:colcon.colcon_core.package_identification:_identify(build) by extensions ['ignore', 'ignore_ament_install']
[1.814s] Level 1:colcon.colcon_core.package_identification:_identify(build) by extension 'ignore'
[1.814s] Level 1:colcon.colcon_core.package_identification:_identify(build) ignored
[1.815s] Level 1:colcon.colcon_core.package_identification:_identify(esp-firmware) by extensions ['ignore', 'ignore_ament_install']
[1.815s] Level 1:colcon.colcon_core.package_identification:_identify(esp-firmware) by extension 'ignore'
[1.815s] Level 1:colcon.colcon_core.package_identification:_identify(esp-firmware) by extension 'ignore_ament_install'
[1.816s] Level 1:colcon.colcon_core.package_identification:_identify(esp-firmware) by extensions ['colcon_pkg']
[1.816s] Level 1:colcon.colcon_core.package_identification:_identify(esp-firmware) by extension 'colcon_pkg'
[1.816s] Level 1:colcon.colcon_core.package_identification:_identify(esp-firmware) by extensions ['colcon_meta']
[1.817s] Level 1:colcon.colcon_core.package_identification:_identify(esp-firmware) by extension 'colcon_meta'
[1.817s] Level 1:colcon.colcon_core.package_identification:_identify(esp-firmware) by extensions ['ros']
[1.817s] Level 1:colcon.colcon_core.package_identification:_identify(esp-firmware) by extension 'ros'
[1.817s] Level 1:colcon.colcon_core.package_identification:_identify(esp-firmware) by extensions ['cmake', 'python']
[1.818s] Level 1:colcon.colcon_core.package_identification:_identify(esp-firmware) by extension 'cmake'
[1.818s] Level 1:colcon.colcon_core.package_identification:_identify(esp-firmware) by extension 'python'
[1.818s] Level 1:colcon.colcon_core.package_identification:_identify(esp-firmware) by extensions ['python_setup_py']
[1.818s] Level 1:colcon.colcon_core.package_identification:_identify(esp-firmware) by extension 'python_setup_py'
[1.819s] Level 1:colcon.colcon_core.package_identification:_identify(esp-firmware/include) by extensions ['ignore', 'ignore_ament_install']
[1.820s] Level 1:colcon.colcon_core.package_identification:_identify(esp-firmware/include) by extension 'ignore'
[1.820s] Level 1:colcon.colcon_core.package_identification:_identify(esp-firmware/include) by extension 'ignore_ament_install'
[1.821s] Level 1:colcon.colcon_core.package_identification:_identify(esp-firmware/include) by extensions ['colcon_pkg']
[1.821s] Level 1:colcon.colcon_core.package_identification:_identify(esp-firmware/include) by extension 'colcon_pkg'
[1.821s] Level 1:colcon.colcon_core.package_identification:_identify(esp-firmware/include) by extensions ['colcon_meta']
[1.822s] Level 1:colcon.colcon_core.package_identification:_identify(esp-firmware/include) by extension 'colcon_meta'
[1.822s] Level 1:colcon.colcon_core.package_identification:_identify(esp-firmware/include) by extensions ['ros']
[1.822s] Level 1:colcon.colcon_core.package_identification:_identify(esp-firmware/include) by extension 'ros'
[1.823s] Level 1:colcon.colcon_core.package_identification:_identify(esp-firmware/include) by extensions ['cmake', 'python']
[1.823s] Level 1:colcon.colcon_core.package_identification:_identify(esp-firmware/include) by extension 'cmake'
[1.823s] Level 1:colcon.colcon_core.package_identification:_identify(esp-firmware/include) by extension 'python'
[1.824s] Level 1:colcon.colcon_core.package_identification:_identify(esp-firmware/include) by extensions ['python_setup_py']
[1.824s] Level 1:colcon.colcon_core.package_identification:_identify(esp-firmware/include) by extension 'python_setup_py'
[1.825s] Level 1:colcon.colcon_core.package_identification:_identify(esp-firmware/src) by extensions ['ignore', 'ignore_ament_install']
[1.825s] Level 1:colcon.colcon_core.package_identification:_identify(esp-firmware/src) by extension 'ignore'
[1.826s] Level 1:colcon.colcon_core.package_identification:_identify(esp-firmware/src) by extension 'ignore_ament_install'
[1.826s] Level 1:colcon.colcon_core.package_identification:_identify(esp-firmware/src) by extensions ['colcon_pkg']
[1.826s] Level 1:colcon.colcon_core.package_identification:_identify(esp-firmware/src) by extension 'colcon_pkg'
[1.827s] Level 1:colcon.colcon_core.package_identification:_identify(esp-firmware/src) by extensions ['colcon_meta']
[1.827s] Level 1:colcon.colcon_core.package_identification:_identify(esp-firmware/src) by extension 'colcon_meta'
[1.827s] Level 1:colcon.colcon_core.package_identification:_identify(esp-firmware/src) by extensions ['ros']
[1.827s] Level 1:colcon.colcon_core.package_identification:_identify(esp-firmware/src) by extension 'ros'
[1.828s] Level 1:colcon.colcon_core.package_identification:_identify(esp-firmware/src) by extensions ['cmake', 'python']
[1.828s] Level 1:colcon.colcon_core.package_identification:_identify(esp-firmware/src) by extension 'cmake'
[1.828s] Level 1:colcon.colcon_core.package_identification:_identify(esp-firmware/src) by extension 'python'
[1.829s] Level 1:colcon.colcon_core.package_identification:_identify(esp-firmware/src) by extensions ['python_setup_py']
[1.829s] Level 1:colcon.colcon_core.package_identification:_identify(esp-firmware/src) by extension 'python_setup_py'
[1.830s] Level 1:colcon.colcon_core.package_identification:_identify(install) by extensions ['ignore', 'ignore_ament_install']
[1.830s] Level 1:colcon.colcon_core.package_identification:_identify(install) by extension 'ignore'
[1.831s] Level 1:colcon.colcon_core.package_identification:_identify(install) ignored
[1.832s] Level 1:colcon.colcon_core.package_identification:_identify(log) by extensions ['ignore', 'ignore_ament_install']
[1.833s] Level 1:colcon.colcon_core.package_identification:_identify(log) by extension 'ignore'
[1.834s] Level 1:colcon.colcon_core.package_identification:_identify(log) ignored
[1.834s] Level 1:colcon.colcon_core.package_discovery:discover_packages(recursive) using defaults
[1.834s] Level 1:colcon.colcon_core.package_discovery:discover_packages(ignore) discover
[1.834s] Level 1:colcon.colcon_core.package_discovery:discover_packages(ignore) using defaults
[1.835s] Level 1:colcon.colcon_core.package_discovery:discover_packages(path) discover
[1.835s] Level 1:colcon.colcon_core.package_discovery:discover_packages(path) using defaults
[1.942s] Level 1:colcon.colcon_core.package_discovery:discover_packages(prefix_path) check parameters
[1.942s] Level 1:colcon.colcon_core.package_discovery:discover_packages(prefix_path) discover
[1.956s] DEBUG:colcon.colcon_installed_package_information.package_discovery:Found 1 installed packages in /home/agribot/agribot-ros2-v2/install
[1.963s] DEBUG:colcon.colcon_installed_package_information.package_discovery:Found 190 installed packages in /opt/ros/humble
[1.968s] Level 1:colcon.colcon_core.package_discovery:discover_packages(prefix_path) using defaults
[2.174s] Level 5:colcon.colcon_core.verb:set package 'agribot_web' build argument 'cmake_args' from command line to 'None'
[2.175s] Level 5:colcon.colcon_core.verb:set package 'agribot_web' build argument 'cmake_target' from command line to 'None'
[2.175s] Level 5:colcon.colcon_core.verb:set package 'agribot_web' build argument 'cmake_target_skip_unavailable' from command line to 'False'
[2.175s] Level 5:colcon.colcon_core.verb:set package 'agribot_web' build argument 'cmake_clean_cache' from command line to 'False'
[2.175s] Level 5:colcon.colcon_core.verb:set package 'agribot_web' build argument 'cmake_clean_first' from command line to 'False'
[2.175s] Level 5:colcon.colcon_core.verb:set package 'agribot_web' build argument 'cmake_force_configure' from command line to 'False'
[2.175s] Level 5:colcon.colcon_core.verb:set package 'agribot_web' build argument 'ament_cmake_args' from command line to 'None'
[2.176s] Level 5:colcon.colcon_core.verb:set package 'agribot_web' build argument 'catkin_cmake_args' from command line to 'None'
[2.176s] Level 5:colcon.colcon_core.verb:set package 'agribot_web' build argument 'catkin_skip_building_tests' from command line to 'False'
[2.176s] DEBUG:colcon.colcon_core.verb:Building package 'agribot_web' with the following arguments: {'ament_cmake_args': None, 'build_base': '/home/agribot/agribot-ros2-v2/build/agribot_web', 'catkin_cmake_args': None, 'catkin_skip_building_tests': False, 'cmake_args': None, 'cmake_clean_cache': False, 'cmake_clean_first': False, 'cmake_force_configure': False, 'cmake_target': None, 'cmake_target_skip_unavailable': False, 'install_base': '/home/agribot/agribot-ros2-v2/install/agribot_web', 'merge_install': False, 'path': '/home/agribot/agribot-ros2-v2/agribot_web', 'symlink_install': False, 'test_result_base': None}
[2.177s] INFO:colcon.colcon_core.executor:Executing jobs using 'parallel' executor
[2.181s] DEBUG:colcon.colcon_parallel_executor.executor.parallel:run_until_complete
[2.182s] INFO:colcon.colcon_ros.task.ament_python.build:Building ROS package in '/home/agribot/agribot-ros2-v2/agribot_web' with build type 'ament_python'
[2.184s] Level 1:colcon.colcon_core.shell:create_environment_hook('agribot_web', 'ament_prefix_path')
[2.194s] INFO:colcon.colcon_core.plugin_system:Skipping extension 'colcon_core.shell.bat': Not used on non-Windows systems
[2.196s] INFO:colcon.colcon_core.shell:Creating environment hook '/home/agribot/agribot-ros2-v2/install/agribot_web/share/agribot_web/hook/ament_prefix_path.ps1'
[2.199s] INFO:colcon.colcon_core.shell:Creating environment descriptor '/home/agribot/agribot-ros2-v2/install/agribot_web/share/agribot_web/hook/ament_prefix_path.dsv'
[2.202s] INFO:colcon.colcon_core.shell:Creating environment hook '/home/agribot/agribot-ros2-v2/install/agribot_web/share/agribot_web/hook/ament_prefix_path.sh'
[2.207s] INFO:colcon.colcon_core.shell:Skip shell extension 'powershell' for command environment: Not usable outside of PowerShell
[2.208s] DEBUG:colcon.colcon_core.shell:Skip shell extension 'dsv' for command environment
[3.743s] INFO:colcon.colcon_core.task.python.build:Building Python package in '/home/agribot/agribot-ros2-v2/agribot_web'
[3.745s] INFO:colcon.colcon_core.shell:Skip shell extension 'powershell' for command environment: Not usable outside of PowerShell
[3.745s] DEBUG:colcon.colcon_core.shell:Skip shell extension 'dsv' for command environment
[5.842s] DEBUG:colcon.colcon_core.event_handler.log_command:Invoking command in '/home/agribot/agribot-ros2-v2/agribot_web': PYTHONPATH=/home/agribot/agribot-ros2-v2/build/agribot_web/prefix_override:/usr/lib/python3/dist-packages/colcon_core/task/python/colcon_distutils_commands:/home/agribot/agribot-ros2-v2/install/agribot_web/lib/python3.10/site-packages:${PYTHONPATH} /usr/bin/python3 -W ignore:setup.py install is deprecated -W ignore:easy_install command is deprecated setup.py egg_info --egg-base ../build/agribot_web build --build-base /home/agribot/agribot-ros2-v2/build/agribot_web/build install --record /home/agribot/agribot-ros2-v2/build/agribot_web/install.log --single-version-externally-managed install_data
[7.573s] DEBUG:colcon.colcon_core.event_handler.log_command:Invoked command in '/home/agribot/agribot-ros2-v2/agribot_web' returned '0': PYTHONPATH=/home/agribot/agribot-ros2-v2/build/agribot_web/prefix_override:/usr/lib/python3/dist-packages/colcon_core/task/python/colcon_distutils_commands:/home/agribot/agribot-ros2-v2/install/agribot_web/lib/python3.10/site-packages:${PYTHONPATH} /usr/bin/python3 -W ignore:setup.py install is deprecated -W ignore:easy_install command is deprecated setup.py egg_info --egg-base ../build/agribot_web build --build-base /home/agribot/agribot-ros2-v2/build/agribot_web/build install --record /home/agribot/agribot-ros2-v2/build/agribot_web/install.log --single-version-externally-managed install_data
[7.588s] Level 1:colcon.colcon_core.environment:checking '/home/agribot/agribot-ros2-v2/install/agribot_web' for CMake module files
[7.590s] Level 1:colcon.colcon_core.environment:checking '/home/agribot/agribot-ros2-v2/install/agribot_web' for CMake config files
[7.595s] Level 1:colcon.colcon_core.environment:checking '/home/agribot/agribot-ros2-v2/install/agribot_web/lib'
[7.596s] Level 1:colcon.colcon_core.environment:checking '/home/agribot/agribot-ros2-v2/install/agribot_web/bin'
[7.596s] Level 1:colcon.colcon_core.environment:checking '/home/agribot/agribot-ros2-v2/install/agribot_web/lib/pkgconfig/agribot_web.pc'
[7.597s] Level 1:colcon.colcon_core.environment:checking '/home/agribot/agribot-ros2-v2/install/agribot_web/lib/python3.10/site-packages'
[7.598s] Level 1:colcon.colcon_core.shell:create_environment_hook('agribot_web', 'pythonpath')
[7.599s] INFO:colcon.colcon_core.shell:Creating environment hook '/home/agribot/agribot-ros2-v2/install/agribot_web/share/agribot_web/hook/pythonpath.ps1'
[7.603s] INFO:colcon.colcon_core.shell:Creating environment descriptor '/home/agribot/agribot-ros2-v2/install/agribot_web/share/agribot_web/hook/pythonpath.dsv'
[7.606s] INFO:colcon.colcon_core.shell:Creating environment hook '/home/agribot/agribot-ros2-v2/install/agribot_web/share/agribot_web/hook/pythonpath.sh'
[7.610s] Level 1:colcon.colcon_core.environment:checking '/home/agribot/agribot-ros2-v2/install/agribot_web/bin'
[7.611s] Level 1:colcon.colcon_core.environment:create_environment_scripts_only(agribot_web)
[7.612s] INFO:colcon.colcon_core.shell:Creating package script '/home/agribot/agribot-ros2-v2/install/agribot_web/share/agribot_web/package.ps1'
[7.619s] INFO:colcon.colcon_core.shell:Creating package descriptor '/home/agribot/agribot-ros2-v2/install/agribot_web/share/agribot_web/package.dsv'
[7.623s] INFO:colcon.colcon_core.shell:Creating package script '/home/agribot/agribot-ros2-v2/install/agribot_web/share/agribot_web/package.sh'
[7.627s] INFO:colcon.colcon_core.shell:Creating package script '/home/agribot/agribot-ros2-v2/install/agribot_web/share/agribot_web/package.bash'
[7.633s] INFO:colcon.colcon_core.shell:Creating package script '/home/agribot/agribot-ros2-v2/install/agribot_web/share/agribot_web/package.zsh'
[7.638s] Level 1:colcon.colcon_core.environment:create_file_with_runtime_dependencies(/home/agribot/agribot-ros2-v2/install/agribot_web/share/colcon-core/packages/agribot_web)
[7.641s] DEBUG:colcon.colcon_parallel_executor.executor.parallel:closing loop
[7.642s] DEBUG:colcon.colcon_parallel_executor.executor.parallel:loop closed
[7.644s] DEBUG:colcon.colcon_parallel_executor.executor.parallel:run_until_complete finished with '0'
[7.645s] DEBUG:colcon.colcon_core.event_reactor:joining thread
[7.647s] DEBUG:colcon.colcon_core.event_reactor:joined thread
[7.649s] INFO:colcon.colcon_core.shell:Creating prefix script '/home/agribot/agribot-ros2-v2/install/local_setup.ps1'
[7.654s] INFO:colcon.colcon_core.shell:Creating prefix util module '/home/agribot/agribot-ros2-v2/install/_local_setup_util_ps1.py'
[7.661s] INFO:colcon.colcon_core.shell:Creating prefix chain script '/home/agribot/agribot-ros2-v2/install/setup.ps1'
[7.665s] INFO:colcon.colcon_core.shell:Creating prefix script '/home/agribot/agribot-ros2-v2/install/local_setup.sh'
[7.668s] INFO:colcon.colcon_core.shell:Creating prefix util module '/home/agribot/agribot-ros2-v2/install/_local_setup_util_sh.py'
[7.672s] INFO:colcon.colcon_core.shell:Creating prefix chain script '/home/agribot/agribot-ros2-v2/install/setup.sh'
[7.678s] INFO:colcon.colcon_core.shell:Creating prefix script '/home/agribot/agribot-ros2-v2/install/local_setup.bash'
[7.681s] INFO:colcon.colcon_core.shell:Creating prefix chain script '/home/agribot/agribot-ros2-v2/install/setup.bash'
[7.686s] INFO:colcon.colcon_core.shell:Creating prefix script '/home/agribot/agribot-ros2-v2/install/local_setup.zsh'
[7.689s] INFO:colcon.colcon_core.shell:Creating prefix chain script '/home/agribot/agribot-ros2-v2/install/setup.zsh'
