[0.888s] DEBUG:colcon:Command line arguments: ['/usr/bin/colcon', 'build', '--packages-select', 'agribot_web']
[0.888s] DEBUG:colcon:Parsed command line arguments: Namespace(log_base=None, log_level=None, verb_name='build', build_base='build', install_base='install', merge_install=False, symlink_install=False, test_result_base=None, continue_on_error=False, executor='parallel', parallel_workers=4, event_handlers=None, ignore_user_meta=False, metas=['./colcon.meta'], base_paths=['.'], packages_ignore=None, packages_ignore_regex=None, paths=None, packages_up_to=None, packages_up_to_regex=None, packages_above=None, packages_above_and_dependencies=None, packages_above_depth=None, packages_select_by_dep=None, packages_skip_by_dep=None, packages_skip_up_to=None, packages_select_build_failed=False, packages_skip_build_finished=False, packages_select_test_failures=False, packages_skip_test_passed=False, packages_select=['agribot_web'], packages_skip=None, packages_select_regex=None, packages_skip_regex=None, packages_start=None, packages_end=None, allow_overriding=[], cmake_args=None, cmake_target=None, cmake_target_skip_unavailable=False, cmake_clean_cache=False, cmake_clean_first=False, cmake_force_configure=False, ament_cmake_args=None, catkin_cmake_args=None, catkin_skip_building_tests=False, mixin_files=None, mixin=None, verb_parser=<colcon_mixin.mixin.mixin_argument.MixinArgumentDecorator object at 0xffffa99d4970>, verb_extension=<colcon_core.verb.build.BuildVerb object at 0xffffa99d4550>, main=<bound method BuildVerb.main of <colcon_core.verb.build.BuildVerb object at 0xffffa99d4550>>, mixin_verb=('build',))
[2.209s] Level 1:colcon.colcon_core.package_discovery:discover_packages(colcon_meta) check parameters
[2.210s] Level 1:colcon.colcon_core.package_discovery:discover_packages(recursive) check parameters
[2.211s] Level 1:colcon.colcon_core.package_discovery:discover_packages(ignore) check parameters
[2.211s] Level 1:colcon.colcon_core.package_discovery:discover_packages(path) check parameters
[2.211s] Level 1:colcon.colcon_core.package_discovery:discover_packages(colcon_meta) discover
[2.211s] Level 1:colcon.colcon_core.package_discovery:discover_packages(recursive) discover
[2.212s] INFO:colcon.colcon_core.package_discovery:Crawling recursively for packages in '/home/agribot/agribot-ros2-v2'
[2.213s] Level 1:colcon.colcon_core.package_identification:_identify(.) by extensions ['ignore', 'ignore_ament_install']
[2.214s] Level 1:colcon.colcon_core.package_identification:_identify(.) by extension 'ignore'
[2.214s] Level 1:colcon.colcon_core.package_identification:_identify(.) by extension 'ignore_ament_install'
[2.215s] Level 1:colcon.colcon_core.package_identification:_identify(.) by extensions ['colcon_pkg']
[2.215s] Level 1:colcon.colcon_core.package_identification:_identify(.) by extension 'colcon_pkg'
[2.216s] Level 1:colcon.colcon_core.package_identification:_identify(.) by extensions ['colcon_meta']
[2.216s] Level 1:colcon.colcon_core.package_identification:_identify(.) by extension 'colcon_meta'
[2.217s] Level 1:colcon.colcon_core.package_identification:_identify(.) by extensions ['ros']
[2.217s] Level 1:colcon.colcon_core.package_identification:_identify(.) by extension 'ros'
[2.302s] Level 1:colcon.colcon_core.package_identification:_identify(.) by extensions ['cmake', 'python']
[2.303s] Level 1:colcon.colcon_core.package_identification:_identify(.) by extension 'cmake'
[2.304s] Level 1:colcon.colcon_core.package_identification:_identify(.) by extension 'python'
[2.305s] Level 1:colcon.colcon_core.package_identification:_identify(.) by extensions ['python_setup_py']
[2.306s] Level 1:colcon.colcon_core.package_identification:_identify(.) by extension 'python_setup_py'
[2.307s] Level 1:colcon.colcon_core.package_identification:_identify(agribot) by extensions ['ignore', 'ignore_ament_install']
[2.308s] Level 1:colcon.colcon_core.package_identification:_identify(agribot) by extension 'ignore'
[2.309s] Level 1:colcon.colcon_core.package_identification:_identify(agribot) by extension 'ignore_ament_install'
[2.309s] Level 1:colcon.colcon_core.package_identification:_identify(agribot) by extensions ['colcon_pkg']
[2.310s] Level 1:colcon.colcon_core.package_identification:_identify(agribot) by extension 'colcon_pkg'
[2.311s] Level 1:colcon.colcon_core.package_identification:_identify(agribot) by extensions ['colcon_meta']
[2.311s] Level 1:colcon.colcon_core.package_identification:_identify(agribot) by extension 'colcon_meta'
[2.313s] Level 1:colcon.colcon_core.package_identification:_identify(agribot) by extensions ['ros']
[2.314s] Level 1:colcon.colcon_core.package_identification:_identify(agribot) by extension 'ros'
[2.315s] Level 1:colcon.colcon_core.package_identification:_identify(agribot) by extensions ['cmake', 'python']
[2.316s] Level 1:colcon.colcon_core.package_identification:_identify(agribot) by extension 'cmake'
[2.317s] Level 1:colcon.colcon_core.package_identification:_identify(agribot) by extension 'python'
[2.319s] Level 1:colcon.colcon_core.package_identification:_identify(agribot) by extensions ['python_setup_py']
[2.320s] Level 1:colcon.colcon_core.package_identification:_identify(agribot) by extension 'python_setup_py'
[2.322s] Level 1:colcon.colcon_core.package_identification:_identify(agribot/esp32_cam) by extensions ['ignore', 'ignore_ament_install']
[2.323s] Level 1:colcon.colcon_core.package_identification:_identify(agribot/esp32_cam) by extension 'ignore'
[2.324s] Level 1:colcon.colcon_core.package_identification:_identify(agribot/esp32_cam) by extension 'ignore_ament_install'
[2.326s] Level 1:colcon.colcon_core.package_identification:_identify(agribot/esp32_cam) by extensions ['colcon_pkg']
[2.327s] Level 1:colcon.colcon_core.package_identification:_identify(agribot/esp32_cam) by extension 'colcon_pkg'
[2.328s] Level 1:colcon.colcon_core.package_identification:_identify(agribot/esp32_cam) by extensions ['colcon_meta']
[2.329s] Level 1:colcon.colcon_core.package_identification:_identify(agribot/esp32_cam) by extension 'colcon_meta'
[2.330s] Level 1:colcon.colcon_core.package_identification:_identify(agribot/esp32_cam) by extensions ['ros']
[2.331s] Level 1:colcon.colcon_core.package_identification:_identify(agribot/esp32_cam) by extension 'ros'
[2.333s] Level 1:colcon.colcon_core.package_identification:_identify(agribot/esp32_cam) by extensions ['cmake', 'python']
[2.334s] Level 1:colcon.colcon_core.package_identification:_identify(agribot/esp32_cam) by extension 'cmake'
[2.335s] Level 1:colcon.colcon_core.package_identification:_identify(agribot/esp32_cam) by extension 'python'
[2.336s] Level 1:colcon.colcon_core.package_identification:_identify(agribot/esp32_cam) by extensions ['python_setup_py']
[2.337s] Level 1:colcon.colcon_core.package_identification:_identify(agribot/esp32_cam) by extension 'python_setup_py'
[2.339s] Level 1:colcon.colcon_core.package_identification:_identify(agribot/esp32_main) by extensions ['ignore', 'ignore_ament_install']
[2.340s] Level 1:colcon.colcon_core.package_identification:_identify(agribot/esp32_main) by extension 'ignore'
[2.341s] Level 1:colcon.colcon_core.package_identification:_identify(agribot/esp32_main) by extension 'ignore_ament_install'
[2.342s] Level 1:colcon.colcon_core.package_identification:_identify(agribot/esp32_main) by extensions ['colcon_pkg']
[2.343s] Level 1:colcon.colcon_core.package_identification:_identify(agribot/esp32_main) by extension 'colcon_pkg'
[2.344s] Level 1:colcon.colcon_core.package_identification:_identify(agribot/esp32_main) by extensions ['colcon_meta']
[2.345s] Level 1:colcon.colcon_core.package_identification:_identify(agribot/esp32_main) by extension 'colcon_meta'
[2.346s] Level 1:colcon.colcon_core.package_identification:_identify(agribot/esp32_main) by extensions ['ros']
[2.348s] Level 1:colcon.colcon_core.package_identification:_identify(agribot/esp32_main) by extension 'ros'
[2.349s] Level 1:colcon.colcon_core.package_identification:_identify(agribot/esp32_main) by extensions ['cmake', 'python']
[2.350s] Level 1:colcon.colcon_core.package_identification:_identify(agribot/esp32_main) by extension 'cmake'
[2.351s] Level 1:colcon.colcon_core.package_identification:_identify(agribot/esp32_main) by extension 'python'
[2.352s] Level 1:colcon.colcon_core.package_identification:_identify(agribot/esp32_main) by extensions ['python_setup_py']
[2.353s] Level 1:colcon.colcon_core.package_identification:_identify(agribot/esp32_main) by extension 'python_setup_py'
[2.355s] Level 1:colcon.colcon_core.package_identification:_identify(agribot/firebase) by extensions ['ignore', 'ignore_ament_install']
[2.356s] Level 1:colcon.colcon_core.package_identification:_identify(agribot/firebase) by extension 'ignore'
[2.357s] Level 1:colcon.colcon_core.package_identification:_identify(agribot/firebase) by extension 'ignore_ament_install'
[2.358s] Level 1:colcon.colcon_core.package_identification:_identify(agribot/firebase) by extensions ['colcon_pkg']
[2.359s] Level 1:colcon.colcon_core.package_identification:_identify(agribot/firebase) by extension 'colcon_pkg'
[2.360s] Level 1:colcon.colcon_core.package_identification:_identify(agribot/firebase) by extensions ['colcon_meta']
[2.361s] Level 1:colcon.colcon_core.package_identification:_identify(agribot/firebase) by extension 'colcon_meta'
[2.363s] Level 1:colcon.colcon_core.package_identification:_identify(agribot/firebase) by extensions ['ros']
[2.363s] Level 1:colcon.colcon_core.package_identification:_identify(agribot/firebase) by extension 'ros'
[2.365s] Level 1:colcon.colcon_core.package_identification:_identify(agribot/firebase) by extensions ['cmake', 'python']
[2.365s] Level 1:colcon.colcon_core.package_identification:_identify(agribot/firebase) by extension 'cmake'
[2.367s] Level 1:colcon.colcon_core.package_identification:_identify(agribot/firebase) by extension 'python'
[2.368s] Level 1:colcon.colcon_core.package_identification:_identify(agribot/firebase) by extensions ['python_setup_py']
[2.369s] Level 1:colcon.colcon_core.package_identification:_identify(agribot/firebase) by extension 'python_setup_py'
[2.371s] Level 1:colcon.colcon_core.package_identification:_identify(agribot/webapp) by extensions ['ignore', 'ignore_ament_install']
[2.372s] Level 1:colcon.colcon_core.package_identification:_identify(agribot/webapp) by extension 'ignore'
[2.373s] Level 1:colcon.colcon_core.package_identification:_identify(agribot/webapp) by extension 'ignore_ament_install'
[2.374s] Level 1:colcon.colcon_core.package_identification:_identify(agribot/webapp) by extensions ['colcon_pkg']
[2.375s] Level 1:colcon.colcon_core.package_identification:_identify(agribot/webapp) by extension 'colcon_pkg'
[2.376s] Level 1:colcon.colcon_core.package_identification:_identify(agribot/webapp) by extensions ['colcon_meta']
[2.377s] Level 1:colcon.colcon_core.package_identification:_identify(agribot/webapp) by extension 'colcon_meta'
[2.377s] Level 1:colcon.colcon_core.package_identification:_identify(agribot/webapp) by extensions ['ros']
[2.378s] Level 1:colcon.colcon_core.package_identification:_identify(agribot/webapp) by extension 'ros'
[2.379s] Level 1:colcon.colcon_core.package_identification:_identify(agribot/webapp) by extensions ['cmake', 'python']
[2.380s] Level 1:colcon.colcon_core.package_identification:_identify(agribot/webapp) by extension 'cmake'
[2.381s] Level 1:colcon.colcon_core.package_identification:_identify(agribot/webapp) by extension 'python'
[2.382s] Level 1:colcon.colcon_core.package_identification:_identify(agribot/webapp) by extensions ['python_setup_py']
[2.384s] Level 1:colcon.colcon_core.package_identification:_identify(agribot/webapp) by extension 'python_setup_py'
[2.387s] Level 1:colcon.colcon_core.package_identification:_identify(agribot/webapp/public) by extensions ['ignore', 'ignore_ament_install']
[2.388s] Level 1:colcon.colcon_core.package_identification:_identify(agribot/webapp/public) by extension 'ignore'
[2.389s] Level 1:colcon.colcon_core.package_identification:_identify(agribot/webapp/public) by extension 'ignore_ament_install'
[2.391s] Level 1:colcon.colcon_core.package_identification:_identify(agribot/webapp/public) by extensions ['colcon_pkg']
[2.392s] Level 1:colcon.colcon_core.package_identification:_identify(agribot/webapp/public) by extension 'colcon_pkg'
[2.393s] Level 1:colcon.colcon_core.package_identification:_identify(agribot/webapp/public) by extensions ['colcon_meta']
[2.394s] Level 1:colcon.colcon_core.package_identification:_identify(agribot/webapp/public) by extension 'colcon_meta'
[2.396s] Level 1:colcon.colcon_core.package_identification:_identify(agribot/webapp/public) by extensions ['ros']
[2.396s] Level 1:colcon.colcon_core.package_identification:_identify(agribot/webapp/public) by extension 'ros'
[2.398s] Level 1:colcon.colcon_core.package_identification:_identify(agribot/webapp/public) by extensions ['cmake', 'python']
[2.399s] Level 1:colcon.colcon_core.package_identification:_identify(agribot/webapp/public) by extension 'cmake'
[2.400s] Level 1:colcon.colcon_core.package_identification:_identify(agribot/webapp/public) by extension 'python'
[2.401s] Level 1:colcon.colcon_core.package_identification:_identify(agribot/webapp/public) by extensions ['python_setup_py']
[2.402s] Level 1:colcon.colcon_core.package_identification:_identify(agribot/webapp/public) by extension 'python_setup_py'
[2.404s] Level 1:colcon.colcon_core.package_identification:_identify(agribot/webapp/src) by extensions ['ignore', 'ignore_ament_install']
[2.405s] Level 1:colcon.colcon_core.package_identification:_identify(agribot/webapp/src) by extension 'ignore'
[2.406s] Level 1:colcon.colcon_core.package_identification:_identify(agribot/webapp/src) by extension 'ignore_ament_install'
[2.407s] Level 1:colcon.colcon_core.package_identification:_identify(agribot/webapp/src) by extensions ['colcon_pkg']
[2.408s] Level 1:colcon.colcon_core.package_identification:_identify(agribot/webapp/src) by extension 'colcon_pkg'
[2.409s] Level 1:colcon.colcon_core.package_identification:_identify(agribot/webapp/src) by extensions ['colcon_meta']
[2.410s] Level 1:colcon.colcon_core.package_identification:_identify(agribot/webapp/src) by extension 'colcon_meta'
[2.412s] Level 1:colcon.colcon_core.package_identification:_identify(agribot/webapp/src) by extensions ['ros']
[2.413s] Level 1:colcon.colcon_core.package_identification:_identify(agribot/webapp/src) by extension 'ros'
[2.414s] Level 1:colcon.colcon_core.package_identification:_identify(agribot/webapp/src) by extensions ['cmake', 'python']
[2.416s] Level 1:colcon.colcon_core.package_identification:_identify(agribot/webapp/src) by extension 'cmake'
[2.417s] Level 1:colcon.colcon_core.package_identification:_identify(agribot/webapp/src) by extension 'python'
[2.418s] Level 1:colcon.colcon_core.package_identification:_identify(agribot/webapp/src) by extensions ['python_setup_py']
[2.419s] Level 1:colcon.colcon_core.package_identification:_identify(agribot/webapp/src) by extension 'python_setup_py'
[2.421s] Level 1:colcon.colcon_core.package_identification:_identify(agribot/webapp/src/assets) by extensions ['ignore', 'ignore_ament_install']
[2.423s] Level 1:colcon.colcon_core.package_identification:_identify(agribot/webapp/src/assets) by extension 'ignore'
[2.424s] Level 1:colcon.colcon_core.package_identification:_identify(agribot/webapp/src/assets) by extension 'ignore_ament_install'
[2.426s] Level 1:colcon.colcon_core.package_identification:_identify(agribot/webapp/src/assets) by extensions ['colcon_pkg']
[2.427s] Level 1:colcon.colcon_core.package_identification:_identify(agribot/webapp/src/assets) by extension 'colcon_pkg'
[2.428s] Level 1:colcon.colcon_core.package_identification:_identify(agribot/webapp/src/assets) by extensions ['colcon_meta']
[2.429s] Level 1:colcon.colcon_core.package_identification:_identify(agribot/webapp/src/assets) by extension 'colcon_meta'
[2.430s] Level 1:colcon.colcon_core.package_identification:_identify(agribot/webapp/src/assets) by extensions ['ros']
[2.431s] Level 1:colcon.colcon_core.package_identification:_identify(agribot/webapp/src/assets) by extension 'ros'
[2.433s] Level 1:colcon.colcon_core.package_identification:_identify(agribot/webapp/src/assets) by extensions ['cmake', 'python']
[2.434s] Level 1:colcon.colcon_core.package_identification:_identify(agribot/webapp/src/assets) by extension 'cmake'
[2.435s] Level 1:colcon.colcon_core.package_identification:_identify(agribot/webapp/src/assets) by extension 'python'
[2.436s] Level 1:colcon.colcon_core.package_identification:_identify(agribot/webapp/src/assets) by extensions ['python_setup_py']
[2.437s] Level 1:colcon.colcon_core.package_identification:_identify(agribot/webapp/src/assets) by extension 'python_setup_py'
[2.438s] Level 1:colcon.colcon_core.package_identification:_identify(agribot/webapp/src/components) by extensions ['ignore', 'ignore_ament_install']
[2.440s] Level 1:colcon.colcon_core.package_identification:_identify(agribot/webapp/src/components) by extension 'ignore'
[2.441s] Level 1:colcon.colcon_core.package_identification:_identify(agribot/webapp/src/components) by extension 'ignore_ament_install'
[2.443s] Level 1:colcon.colcon_core.package_identification:_identify(agribot/webapp/src/components) by extensions ['colcon_pkg']
[2.443s] Level 1:colcon.colcon_core.package_identification:_identify(agribot/webapp/src/components) by extension 'colcon_pkg'
[2.444s] Level 1:colcon.colcon_core.package_identification:_identify(agribot/webapp/src/components) by extensions ['colcon_meta']
[2.445s] Level 1:colcon.colcon_core.package_identification:_identify(agribot/webapp/src/components) by extension 'colcon_meta'
[2.446s] Level 1:colcon.colcon_core.package_identification:_identify(agribot/webapp/src/components) by extensions ['ros']
[2.455s] Level 1:colcon.colcon_core.package_identification:_identify(agribot/webapp/src/components) by extension 'ros'
[2.457s] Level 1:colcon.colcon_core.package_identification:_identify(agribot/webapp/src/components) by extensions ['cmake', 'python']
[2.458s] Level 1:colcon.colcon_core.package_identification:_identify(agribot/webapp/src/components) by extension 'cmake'
[2.459s] Level 1:colcon.colcon_core.package_identification:_identify(agribot/webapp/src/components) by extension 'python'
[2.460s] Level 1:colcon.colcon_core.package_identification:_identify(agribot/webapp/src/components) by extensions ['python_setup_py']
[2.461s] Level 1:colcon.colcon_core.package_identification:_identify(agribot/webapp/src/components) by extension 'python_setup_py'
[2.463s] Level 1:colcon.colcon_core.package_identification:_identify(agribot/webapp/src/pages) by extensions ['ignore', 'ignore_ament_install']
[2.465s] Level 1:colcon.colcon_core.package_identification:_identify(agribot/webapp/src/pages) by extension 'ignore'
[2.466s] Level 1:colcon.colcon_core.package_identification:_identify(agribot/webapp/src/pages) by extension 'ignore_ament_install'
[2.467s] Level 1:colcon.colcon_core.package_identification:_identify(agribot/webapp/src/pages) by extensions ['colcon_pkg']
[2.468s] Level 1:colcon.colcon_core.package_identification:_identify(agribot/webapp/src/pages) by extension 'colcon_pkg'
[2.469s] Level 1:colcon.colcon_core.package_identification:_identify(agribot/webapp/src/pages) by extensions ['colcon_meta']
[2.470s] Level 1:colcon.colcon_core.package_identification:_identify(agribot/webapp/src/pages) by extension 'colcon_meta'
[2.471s] Level 1:colcon.colcon_core.package_identification:_identify(agribot/webapp/src/pages) by extensions ['ros']
[2.472s] Level 1:colcon.colcon_core.package_identification:_identify(agribot/webapp/src/pages) by extension 'ros'
[2.474s] Level 1:colcon.colcon_core.package_identification:_identify(agribot/webapp/src/pages) by extensions ['cmake', 'python']
[2.474s] Level 1:colcon.colcon_core.package_identification:_identify(agribot/webapp/src/pages) by extension 'cmake'
[2.475s] Level 1:colcon.colcon_core.package_identification:_identify(agribot/webapp/src/pages) by extension 'python'
[2.477s] Level 1:colcon.colcon_core.package_identification:_identify(agribot/webapp/src/pages) by extensions ['python_setup_py']
[2.477s] Level 1:colcon.colcon_core.package_identification:_identify(agribot/webapp/src/pages) by extension 'python_setup_py'
[2.479s] Level 1:colcon.colcon_core.package_identification:_identify(agribot_web) by extensions ['ignore', 'ignore_ament_install']
[2.481s] Level 1:colcon.colcon_core.package_identification:_identify(agribot_web) by extension 'ignore'
[2.482s] Level 1:colcon.colcon_core.package_identification:_identify(agribot_web) by extension 'ignore_ament_install'
[2.483s] Level 1:colcon.colcon_core.package_identification:_identify(agribot_web) by extensions ['colcon_pkg']
[2.484s] Level 1:colcon.colcon_core.package_identification:_identify(agribot_web) by extension 'colcon_pkg'
[2.486s] Level 1:colcon.colcon_core.package_identification:_identify(agribot_web) by extensions ['colcon_meta']
[2.487s] Level 1:colcon.colcon_core.package_identification:_identify(agribot_web) by extension 'colcon_meta'
[2.489s] Level 1:colcon.colcon_core.package_identification:_identify(agribot_web) by extensions ['ros']
[2.490s] Level 1:colcon.colcon_core.package_identification:_identify(agribot_web) by extension 'ros'
[2.509s] DEBUG:colcon.colcon_core.package_identification:Package 'agribot_web' with type 'ros.ament_python' and name 'agribot_web'
[2.509s] Level 1:colcon.colcon_core.package_identification:_identify(build) by extensions ['ignore', 'ignore_ament_install']
[2.510s] Level 1:colcon.colcon_core.package_identification:_identify(build) by extension 'ignore'
[2.510s] Level 1:colcon.colcon_core.package_identification:_identify(build) ignored
[2.511s] Level 1:colcon.colcon_core.package_identification:_identify(esp-cam-node) by extensions ['ignore', 'ignore_ament_install']
[2.512s] Level 1:colcon.colcon_core.package_identification:_identify(esp-cam-node) by extension 'ignore'
[2.512s] Level 1:colcon.colcon_core.package_identification:_identify(esp-cam-node) by extension 'ignore_ament_install'
[2.513s] Level 1:colcon.colcon_core.package_identification:_identify(esp-cam-node) by extensions ['colcon_pkg']
[2.513s] Level 1:colcon.colcon_core.package_identification:_identify(esp-cam-node) by extension 'colcon_pkg'
[2.513s] Level 1:colcon.colcon_core.package_identification:_identify(esp-cam-node) by extensions ['colcon_meta']
[2.514s] Level 1:colcon.colcon_core.package_identification:_identify(esp-cam-node) by extension 'colcon_meta'
[2.514s] Level 1:colcon.colcon_core.package_identification:_identify(esp-cam-node) by extensions ['ros']
[2.515s] Level 1:colcon.colcon_core.package_identification:_identify(esp-cam-node) by extension 'ros'
[2.515s] Level 1:colcon.colcon_core.package_identification:_identify(esp-cam-node) by extensions ['cmake', 'python']
[2.516s] Level 1:colcon.colcon_core.package_identification:_identify(esp-cam-node) by extension 'cmake'
[2.516s] Level 1:colcon.colcon_core.package_identification:_identify(esp-cam-node) by extension 'python'
[2.517s] Level 1:colcon.colcon_core.package_identification:_identify(esp-cam-node) by extensions ['python_setup_py']
[2.517s] Level 1:colcon.colcon_core.package_identification:_identify(esp-cam-node) by extension 'python_setup_py'
[2.518s] Level 1:colcon.colcon_core.package_identification:_identify(esp-cam-node/include) by extensions ['ignore', 'ignore_ament_install']
[2.518s] Level 1:colcon.colcon_core.package_identification:_identify(esp-cam-node/include) by extension 'ignore'
[2.519s] Level 1:colcon.colcon_core.package_identification:_identify(esp-cam-node/include) by extension 'ignore_ament_install'
[2.519s] Level 1:colcon.colcon_core.package_identification:_identify(esp-cam-node/include) by extensions ['colcon_pkg']
[2.519s] Level 1:colcon.colcon_core.package_identification:_identify(esp-cam-node/include) by extension 'colcon_pkg'
[2.520s] Level 1:colcon.colcon_core.package_identification:_identify(esp-cam-node/include) by extensions ['colcon_meta']
[2.521s] Level 1:colcon.colcon_core.package_identification:_identify(esp-cam-node/include) by extension 'colcon_meta'
[2.521s] Level 1:colcon.colcon_core.package_identification:_identify(esp-cam-node/include) by extensions ['ros']
[2.521s] Level 1:colcon.colcon_core.package_identification:_identify(esp-cam-node/include) by extension 'ros'
[2.522s] Level 1:colcon.colcon_core.package_identification:_identify(esp-cam-node/include) by extensions ['cmake', 'python']
[2.522s] Level 1:colcon.colcon_core.package_identification:_identify(esp-cam-node/include) by extension 'cmake'
[2.523s] Level 1:colcon.colcon_core.package_identification:_identify(esp-cam-node/include) by extension 'python'
[2.523s] Level 1:colcon.colcon_core.package_identification:_identify(esp-cam-node/include) by extensions ['python_setup_py']
[2.524s] Level 1:colcon.colcon_core.package_identification:_identify(esp-cam-node/include) by extension 'python_setup_py'
[2.525s] Level 1:colcon.colcon_core.package_identification:_identify(esp-cam-node/src) by extensions ['ignore', 'ignore_ament_install']
[2.525s] Level 1:colcon.colcon_core.package_identification:_identify(esp-cam-node/src) by extension 'ignore'
[2.526s] Level 1:colcon.colcon_core.package_identification:_identify(esp-cam-node/src) by extension 'ignore_ament_install'
[2.527s] Level 1:colcon.colcon_core.package_identification:_identify(esp-cam-node/src) by extensions ['colcon_pkg']
[2.527s] Level 1:colcon.colcon_core.package_identification:_identify(esp-cam-node/src) by extension 'colcon_pkg'
[2.527s] Level 1:colcon.colcon_core.package_identification:_identify(esp-cam-node/src) by extensions ['colcon_meta']
[2.528s] Level 1:colcon.colcon_core.package_identification:_identify(esp-cam-node/src) by extension 'colcon_meta'
[2.528s] Level 1:colcon.colcon_core.package_identification:_identify(esp-cam-node/src) by extensions ['ros']
[2.528s] Level 1:colcon.colcon_core.package_identification:_identify(esp-cam-node/src) by extension 'ros'
[2.529s] Level 1:colcon.colcon_core.package_identification:_identify(esp-cam-node/src) by extensions ['cmake', 'python']
[2.529s] Level 1:colcon.colcon_core.package_identification:_identify(esp-cam-node/src) by extension 'cmake'
[2.530s] Level 1:colcon.colcon_core.package_identification:_identify(esp-cam-node/src) by extension 'python'
[2.530s] Level 1:colcon.colcon_core.package_identification:_identify(esp-cam-node/src) by extensions ['python_setup_py']
[2.530s] Level 1:colcon.colcon_core.package_identification:_identify(esp-cam-node/src) by extension 'python_setup_py'
[2.531s] Level 1:colcon.colcon_core.package_identification:_identify(esp-drive-node) by extensions ['ignore', 'ignore_ament_install']
[2.531s] Level 1:colcon.colcon_core.package_identification:_identify(esp-drive-node) by extension 'ignore'
[2.532s] Level 1:colcon.colcon_core.package_identification:_identify(esp-drive-node) by extension 'ignore_ament_install'
[2.533s] Level 1:colcon.colcon_core.package_identification:_identify(esp-drive-node) by extensions ['colcon_pkg']
[2.533s] Level 1:colcon.colcon_core.package_identification:_identify(esp-drive-node) by extension 'colcon_pkg'
[2.533s] Level 1:colcon.colcon_core.package_identification:_identify(esp-drive-node) by extensions ['colcon_meta']
[2.535s] Level 1:colcon.colcon_core.package_identification:_identify(esp-drive-node) by extension 'colcon_meta'
[2.536s] Level 1:colcon.colcon_core.package_identification:_identify(esp-drive-node) by extensions ['ros']
[2.537s] Level 1:colcon.colcon_core.package_identification:_identify(esp-drive-node) by extension 'ros'
[2.538s] Level 1:colcon.colcon_core.package_identification:_identify(esp-drive-node) by extensions ['cmake', 'python']
[2.539s] Level 1:colcon.colcon_core.package_identification:_identify(esp-drive-node) by extension 'cmake'
[2.540s] Level 1:colcon.colcon_core.package_identification:_identify(esp-drive-node) by extension 'python'
[2.541s] Level 1:colcon.colcon_core.package_identification:_identify(esp-drive-node) by extensions ['python_setup_py']
[2.541s] Level 1:colcon.colcon_core.package_identification:_identify(esp-drive-node) by extension 'python_setup_py'
[2.542s] Level 1:colcon.colcon_core.package_identification:_identify(esp-drive-node/src) by extensions ['ignore', 'ignore_ament_install']
[2.543s] Level 1:colcon.colcon_core.package_identification:_identify(esp-drive-node/src) by extension 'ignore'
[2.545s] Level 1:colcon.colcon_core.package_identification:_identify(esp-drive-node/src) by extension 'ignore_ament_install'
[2.545s] Level 1:colcon.colcon_core.package_identification:_identify(esp-drive-node/src) by extensions ['colcon_pkg']
[2.546s] Level 1:colcon.colcon_core.package_identification:_identify(esp-drive-node/src) by extension 'colcon_pkg'
[2.546s] Level 1:colcon.colcon_core.package_identification:_identify(esp-drive-node/src) by extensions ['colcon_meta']
[2.547s] Level 1:colcon.colcon_core.package_identification:_identify(esp-drive-node/src) by extension 'colcon_meta'
[2.548s] Level 1:colcon.colcon_core.package_identification:_identify(esp-drive-node/src) by extensions ['ros']
[2.548s] Level 1:colcon.colcon_core.package_identification:_identify(esp-drive-node/src) by extension 'ros'
[2.551s] Level 1:colcon.colcon_core.package_identification:_identify(esp-drive-node/src) by extensions ['cmake', 'python']
[2.552s] Level 1:colcon.colcon_core.package_identification:_identify(esp-drive-node/src) by extension 'cmake'
[2.552s] Level 1:colcon.colcon_core.package_identification:_identify(esp-drive-node/src) by extension 'python'
[2.553s] Level 1:colcon.colcon_core.package_identification:_identify(esp-drive-node/src) by extensions ['python_setup_py']
[2.554s] Level 1:colcon.colcon_core.package_identification:_identify(esp-drive-node/src) by extension 'python_setup_py'
[2.556s] Level 1:colcon.colcon_core.package_identification:_identify(esp-drive-node/test) by extensions ['ignore', 'ignore_ament_install']
[2.557s] Level 1:colcon.colcon_core.package_identification:_identify(esp-drive-node/test) by extension 'ignore'
[2.557s] Level 1:colcon.colcon_core.package_identification:_identify(esp-drive-node/test) by extension 'ignore_ament_install'
[2.558s] Level 1:colcon.colcon_core.package_identification:_identify(esp-drive-node/test) by extensions ['colcon_pkg']
[2.558s] Level 1:colcon.colcon_core.package_identification:_identify(esp-drive-node/test) by extension 'colcon_pkg'
[2.560s] Level 1:colcon.colcon_core.package_identification:_identify(esp-drive-node/test) by extensions ['colcon_meta']
[2.561s] Level 1:colcon.colcon_core.package_identification:_identify(esp-drive-node/test) by extension 'colcon_meta'
[2.562s] Level 1:colcon.colcon_core.package_identification:_identify(esp-drive-node/test) by extensions ['ros']
[2.563s] Level 1:colcon.colcon_core.package_identification:_identify(esp-drive-node/test) by extension 'ros'
[2.565s] Level 1:colcon.colcon_core.package_identification:_identify(esp-drive-node/test) by extensions ['cmake', 'python']
[2.565s] Level 1:colcon.colcon_core.package_identification:_identify(esp-drive-node/test) by extension 'cmake'
[2.566s] Level 1:colcon.colcon_core.package_identification:_identify(esp-drive-node/test) by extension 'python'
[2.567s] Level 1:colcon.colcon_core.package_identification:_identify(esp-drive-node/test) by extensions ['python_setup_py']
[2.567s] Level 1:colcon.colcon_core.package_identification:_identify(esp-drive-node/test) by extension 'python_setup_py'
[2.569s] Level 1:colcon.colcon_core.package_identification:_identify(esp-firmware) by extensions ['ignore', 'ignore_ament_install']
[2.569s] Level 1:colcon.colcon_core.package_identification:_identify(esp-firmware) by extension 'ignore'
[2.570s] Level 1:colcon.colcon_core.package_identification:_identify(esp-firmware) by extension 'ignore_ament_install'
[2.571s] Level 1:colcon.colcon_core.package_identification:_identify(esp-firmware) by extensions ['colcon_pkg']
[2.572s] Level 1:colcon.colcon_core.package_identification:_identify(esp-firmware) by extension 'colcon_pkg'
[2.572s] Level 1:colcon.colcon_core.package_identification:_identify(esp-firmware) by extensions ['colcon_meta']
[2.572s] Level 1:colcon.colcon_core.package_identification:_identify(esp-firmware) by extension 'colcon_meta'
[2.573s] Level 1:colcon.colcon_core.package_identification:_identify(esp-firmware) by extensions ['ros']
[2.573s] Level 1:colcon.colcon_core.package_identification:_identify(esp-firmware) by extension 'ros'
[2.574s] Level 1:colcon.colcon_core.package_identification:_identify(esp-firmware) by extensions ['cmake', 'python']
[2.574s] Level 1:colcon.colcon_core.package_identification:_identify(esp-firmware) by extension 'cmake'
[2.575s] Level 1:colcon.colcon_core.package_identification:_identify(esp-firmware) by extension 'python'
[2.576s] Level 1:colcon.colcon_core.package_identification:_identify(esp-firmware) by extensions ['python_setup_py']
[2.576s] Level 1:colcon.colcon_core.package_identification:_identify(esp-firmware) by extension 'python_setup_py'
[2.577s] Level 1:colcon.colcon_core.package_identification:_identify(esp-firmware/include) by extensions ['ignore', 'ignore_ament_install']
[2.578s] Level 1:colcon.colcon_core.package_identification:_identify(esp-firmware/include) by extension 'ignore'
[2.579s] Level 1:colcon.colcon_core.package_identification:_identify(esp-firmware/include) by extension 'ignore_ament_install'
[2.580s] Level 1:colcon.colcon_core.package_identification:_identify(esp-firmware/include) by extensions ['colcon_pkg']
[2.580s] Level 1:colcon.colcon_core.package_identification:_identify(esp-firmware/include) by extension 'colcon_pkg'
[2.581s] Level 1:colcon.colcon_core.package_identification:_identify(esp-firmware/include) by extensions ['colcon_meta']
[2.581s] Level 1:colcon.colcon_core.package_identification:_identify(esp-firmware/include) by extension 'colcon_meta'
[2.582s] Level 1:colcon.colcon_core.package_identification:_identify(esp-firmware/include) by extensions ['ros']
[2.582s] Level 1:colcon.colcon_core.package_identification:_identify(esp-firmware/include) by extension 'ros'
[2.583s] Level 1:colcon.colcon_core.package_identification:_identify(esp-firmware/include) by extensions ['cmake', 'python']
[2.584s] Level 1:colcon.colcon_core.package_identification:_identify(esp-firmware/include) by extension 'cmake'
[2.584s] Level 1:colcon.colcon_core.package_identification:_identify(esp-firmware/include) by extension 'python'
[2.585s] Level 1:colcon.colcon_core.package_identification:_identify(esp-firmware/include) by extensions ['python_setup_py']
[2.585s] Level 1:colcon.colcon_core.package_identification:_identify(esp-firmware/include) by extension 'python_setup_py'
[2.586s] Level 1:colcon.colcon_core.package_identification:_identify(esp-firmware/src) by extensions ['ignore', 'ignore_ament_install']
[2.587s] Level 1:colcon.colcon_core.package_identification:_identify(esp-firmware/src) by extension 'ignore'
[2.588s] Level 1:colcon.colcon_core.package_identification:_identify(esp-firmware/src) by extension 'ignore_ament_install'
[2.588s] Level 1:colcon.colcon_core.package_identification:_identify(esp-firmware/src) by extensions ['colcon_pkg']
[2.589s] Level 1:colcon.colcon_core.package_identification:_identify(esp-firmware/src) by extension 'colcon_pkg'
[2.589s] Level 1:colcon.colcon_core.package_identification:_identify(esp-firmware/src) by extensions ['colcon_meta']
[2.589s] Level 1:colcon.colcon_core.package_identification:_identify(esp-firmware/src) by extension 'colcon_meta'
[2.590s] Level 1:colcon.colcon_core.package_identification:_identify(esp-firmware/src) by extensions ['ros']
[2.590s] Level 1:colcon.colcon_core.package_identification:_identify(esp-firmware/src) by extension 'ros'
[2.592s] Level 1:colcon.colcon_core.package_identification:_identify(esp-firmware/src) by extensions ['cmake', 'python']
[2.592s] Level 1:colcon.colcon_core.package_identification:_identify(esp-firmware/src) by extension 'cmake'
[2.593s] Level 1:colcon.colcon_core.package_identification:_identify(esp-firmware/src) by extension 'python'
[2.593s] Level 1:colcon.colcon_core.package_identification:_identify(esp-firmware/src) by extensions ['python_setup_py']
[2.594s] Level 1:colcon.colcon_core.package_identification:_identify(esp-firmware/src) by extension 'python_setup_py'
[2.596s] Level 1:colcon.colcon_core.package_identification:_identify(esp-payload-node) by extensions ['ignore', 'ignore_ament_install']
[2.598s] Level 1:colcon.colcon_core.package_identification:_identify(esp-payload-node) by extension 'ignore'
[2.598s] Level 1:colcon.colcon_core.package_identification:_identify(esp-payload-node) by extension 'ignore_ament_install'
[2.599s] Level 1:colcon.colcon_core.package_identification:_identify(esp-payload-node) by extensions ['colcon_pkg']
[2.599s] Level 1:colcon.colcon_core.package_identification:_identify(esp-payload-node) by extension 'colcon_pkg'
[2.600s] Level 1:colcon.colcon_core.package_identification:_identify(esp-payload-node) by extensions ['colcon_meta']
[2.600s] Level 1:colcon.colcon_core.package_identification:_identify(esp-payload-node) by extension 'colcon_meta'
[2.601s] Level 1:colcon.colcon_core.package_identification:_identify(esp-payload-node) by extensions ['ros']
[2.601s] Level 1:colcon.colcon_core.package_identification:_identify(esp-payload-node) by extension 'ros'
[2.602s] Level 1:colcon.colcon_core.package_identification:_identify(esp-payload-node) by extensions ['cmake', 'python']
[2.603s] Level 1:colcon.colcon_core.package_identification:_identify(esp-payload-node) by extension 'cmake'
[2.604s] Level 1:colcon.colcon_core.package_identification:_identify(esp-payload-node) by extension 'python'
[2.604s] Level 1:colcon.colcon_core.package_identification:_identify(esp-payload-node) by extensions ['python_setup_py']
[2.605s] Level 1:colcon.colcon_core.package_identification:_identify(esp-payload-node) by extension 'python_setup_py'
[2.606s] Level 1:colcon.colcon_core.package_identification:_identify(esp-payload-node/src) by extensions ['ignore', 'ignore_ament_install']
[2.607s] Level 1:colcon.colcon_core.package_identification:_identify(esp-payload-node/src) by extension 'ignore'
[2.607s] Level 1:colcon.colcon_core.package_identification:_identify(esp-payload-node/src) by extension 'ignore_ament_install'
[2.608s] Level 1:colcon.colcon_core.package_identification:_identify(esp-payload-node/src) by extensions ['colcon_pkg']
[2.608s] Level 1:colcon.colcon_core.package_identification:_identify(esp-payload-node/src) by extension 'colcon_pkg'
[2.609s] Level 1:colcon.colcon_core.package_identification:_identify(esp-payload-node/src) by extensions ['colcon_meta']
[2.609s] Level 1:colcon.colcon_core.package_identification:_identify(esp-payload-node/src) by extension 'colcon_meta'
[2.610s] Level 1:colcon.colcon_core.package_identification:_identify(esp-payload-node/src) by extensions ['ros']
[2.610s] Level 1:colcon.colcon_core.package_identification:_identify(esp-payload-node/src) by extension 'ros'
[2.611s] Level 1:colcon.colcon_core.package_identification:_identify(esp-payload-node/src) by extensions ['cmake', 'python']
[2.612s] Level 1:colcon.colcon_core.package_identification:_identify(esp-payload-node/src) by extension 'cmake'
[2.612s] Level 1:colcon.colcon_core.package_identification:_identify(esp-payload-node/src) by extension 'python'
[2.613s] Level 1:colcon.colcon_core.package_identification:_identify(esp-payload-node/src) by extensions ['python_setup_py']
[2.613s] Level 1:colcon.colcon_core.package_identification:_identify(esp-payload-node/src) by extension 'python_setup_py'
[2.614s] Level 1:colcon.colcon_core.package_identification:_identify(install) by extensions ['ignore', 'ignore_ament_install']
[2.615s] Level 1:colcon.colcon_core.package_identification:_identify(install) by extension 'ignore'
[2.615s] Level 1:colcon.colcon_core.package_identification:_identify(install) ignored
[2.617s] Level 1:colcon.colcon_core.package_identification:_identify(log) by extensions ['ignore', 'ignore_ament_install']
[2.618s] Level 1:colcon.colcon_core.package_identification:_identify(log) by extension 'ignore'
[2.618s] Level 1:colcon.colcon_core.package_identification:_identify(log) ignored
[2.619s] Level 1:colcon.colcon_core.package_discovery:discover_packages(recursive) using defaults
[2.620s] Level 1:colcon.colcon_core.package_discovery:discover_packages(ignore) discover
[2.620s] Level 1:colcon.colcon_core.package_discovery:discover_packages(ignore) using defaults
[2.621s] Level 1:colcon.colcon_core.package_discovery:discover_packages(path) discover
[2.621s] Level 1:colcon.colcon_core.package_discovery:discover_packages(path) using defaults
[2.786s] Level 1:colcon.colcon_core.package_discovery:discover_packages(prefix_path) check parameters
[2.786s] Level 1:colcon.colcon_core.package_discovery:discover_packages(prefix_path) discover
[2.804s] DEBUG:colcon.colcon_installed_package_information.package_discovery:Found 1 installed packages in /home/agribot/agribot-ros2-v2/install
[2.812s] DEBUG:colcon.colcon_installed_package_information.package_discovery:Found 190 installed packages in /opt/ros/humble
[2.818s] Level 1:colcon.colcon_core.package_discovery:discover_packages(prefix_path) using defaults
[3.051s] Level 5:colcon.colcon_core.verb:set package 'agribot_web' build argument 'cmake_args' from command line to 'None'
[3.051s] Level 5:colcon.colcon_core.verb:set package 'agribot_web' build argument 'cmake_target' from command line to 'None'
[3.052s] Level 5:colcon.colcon_core.verb:set package 'agribot_web' build argument 'cmake_target_skip_unavailable' from command line to 'False'
[3.052s] Level 5:colcon.colcon_core.verb:set package 'agribot_web' build argument 'cmake_clean_cache' from command line to 'False'
[3.052s] Level 5:colcon.colcon_core.verb:set package 'agribot_web' build argument 'cmake_clean_first' from command line to 'False'
[3.052s] Level 5:colcon.colcon_core.verb:set package 'agribot_web' build argument 'cmake_force_configure' from command line to 'False'
[3.052s] Level 5:colcon.colcon_core.verb:set package 'agribot_web' build argument 'ament_cmake_args' from command line to 'None'
[3.052s] Level 5:colcon.colcon_core.verb:set package 'agribot_web' build argument 'catkin_cmake_args' from command line to 'None'
[3.052s] Level 5:colcon.colcon_core.verb:set package 'agribot_web' build argument 'catkin_skip_building_tests' from command line to 'False'
[3.053s] DEBUG:colcon.colcon_core.verb:Building package 'agribot_web' with the following arguments: {'ament_cmake_args': None, 'build_base': '/home/agribot/agribot-ros2-v2/build/agribot_web', 'catkin_cmake_args': None, 'catkin_skip_building_tests': False, 'cmake_args': None, 'cmake_clean_cache': False, 'cmake_clean_first': False, 'cmake_force_configure': False, 'cmake_target': None, 'cmake_target_skip_unavailable': False, 'install_base': '/home/agribot/agribot-ros2-v2/install/agribot_web', 'merge_install': False, 'path': '/home/agribot/agribot-ros2-v2/agribot_web', 'symlink_install': False, 'test_result_base': None}
[3.054s] INFO:colcon.colcon_core.executor:Executing jobs using 'parallel' executor
[3.058s] DEBUG:colcon.colcon_parallel_executor.executor.parallel:run_until_complete
[3.059s] INFO:colcon.colcon_ros.task.ament_python.build:Building ROS package in '/home/agribot/agribot-ros2-v2/agribot_web' with build type 'ament_python'
[3.060s] Level 1:colcon.colcon_core.shell:create_environment_hook('agribot_web', 'ament_prefix_path')
[3.093s] INFO:colcon.colcon_core.plugin_system:Skipping extension 'colcon_core.shell.bat': Not used on non-Windows systems
[3.095s] INFO:colcon.colcon_core.shell:Creating environment hook '/home/agribot/agribot-ros2-v2/install/agribot_web/share/agribot_web/hook/ament_prefix_path.ps1'
[3.101s] INFO:colcon.colcon_core.shell:Creating environment descriptor '/home/agribot/agribot-ros2-v2/install/agribot_web/share/agribot_web/hook/ament_prefix_path.dsv'
[3.108s] INFO:colcon.colcon_core.shell:Creating environment hook '/home/agribot/agribot-ros2-v2/install/agribot_web/share/agribot_web/hook/ament_prefix_path.sh'
[3.115s] INFO:colcon.colcon_core.shell:Skip shell extension 'powershell' for command environment: Not usable outside of PowerShell
[3.117s] DEBUG:colcon.colcon_core.shell:Skip shell extension 'dsv' for command environment
[5.113s] INFO:colcon.colcon_core.task.python.build:Building Python package in '/home/agribot/agribot-ros2-v2/agribot_web'
[5.115s] INFO:colcon.colcon_core.shell:Skip shell extension 'powershell' for command environment: Not usable outside of PowerShell
[5.115s] DEBUG:colcon.colcon_core.shell:Skip shell extension 'dsv' for command environment
[8.149s] DEBUG:colcon.colcon_core.task.python.build:Available setuptools commands: easy_install, install_scripts, test, install_data, build_ext, build, build_py, develop, saveopts, build_scripts, check, install_egg_info, upload_docs, register, alias, install, build_clib, install_headers, symlink_data, sdist, install_lib, upload, dist_info, egg_info, compile_catalog, setopt, extract_messages, bdist_rpm, clean, bdist_wheel, bdist_egg, update_catalog, bdist_dumb, init_catalog, bdist, rotate
[8.162s] DEBUG:colcon.colcon_core.event_handler.log_command:Invoking command in '/home/agribot/agribot-ros2-v2/agribot_web': PYTHONPATH=/home/agribot/agribot-ros2-v2/build/agribot_web/prefix_override:/usr/lib/python3/dist-packages/colcon_core/task/python/colcon_distutils_commands:/home/agribot/agribot-ros2-v2/install/agribot_web/lib/python3.10/site-packages:${PYTHONPATH} /usr/bin/python3 -W ignore:setup.py install is deprecated -W ignore:easy_install command is deprecated setup.py egg_info --egg-base ../build/agribot_web build --build-base /home/agribot/agribot-ros2-v2/build/agribot_web/build install --record /home/agribot/agribot-ros2-v2/build/agribot_web/install.log --install-scripts $base/lib/agribot_web --single-version-externally-managed install_data
[10.137s] DEBUG:colcon.colcon_core.event_handler.log_command:Invoked command in '/home/agribot/agribot-ros2-v2/agribot_web' returned '0': PYTHONPATH=/home/agribot/agribot-ros2-v2/build/agribot_web/prefix_override:/usr/lib/python3/dist-packages/colcon_core/task/python/colcon_distutils_commands:/home/agribot/agribot-ros2-v2/install/agribot_web/lib/python3.10/site-packages:${PYTHONPATH} /usr/bin/python3 -W ignore:setup.py install is deprecated -W ignore:easy_install command is deprecated setup.py egg_info --egg-base ../build/agribot_web build --build-base /home/agribot/agribot-ros2-v2/build/agribot_web/build install --record /home/agribot/agribot-ros2-v2/build/agribot_web/install.log --install-scripts $base/lib/agribot_web --single-version-externally-managed install_data
[10.162s] Level 1:colcon.colcon_core.environment:checking '/home/agribot/agribot-ros2-v2/install/agribot_web' for CMake module files
[10.165s] Level 1:colcon.colcon_core.environment:checking '/home/agribot/agribot-ros2-v2/install/agribot_web' for CMake config files
[10.170s] Level 1:colcon.colcon_core.environment:checking '/home/agribot/agribot-ros2-v2/install/agribot_web/lib'
[10.171s] Level 1:colcon.colcon_core.environment:checking '/home/agribot/agribot-ros2-v2/install/agribot_web/bin'
[10.171s] Level 1:colcon.colcon_core.environment:checking '/home/agribot/agribot-ros2-v2/install/agribot_web/lib/pkgconfig/agribot_web.pc'
[10.172s] Level 1:colcon.colcon_core.environment:checking '/home/agribot/agribot-ros2-v2/install/agribot_web/lib/python3.10/site-packages'
[10.173s] Level 1:colcon.colcon_core.shell:create_environment_hook('agribot_web', 'pythonpath')
[10.174s] INFO:colcon.colcon_core.shell:Creating environment hook '/home/agribot/agribot-ros2-v2/install/agribot_web/share/agribot_web/hook/pythonpath.ps1'
[10.176s] INFO:colcon.colcon_core.shell:Creating environment descriptor '/home/agribot/agribot-ros2-v2/install/agribot_web/share/agribot_web/hook/pythonpath.dsv'
[10.178s] INFO:colcon.colcon_core.shell:Creating environment hook '/home/agribot/agribot-ros2-v2/install/agribot_web/share/agribot_web/hook/pythonpath.sh'
[10.182s] Level 1:colcon.colcon_core.environment:checking '/home/agribot/agribot-ros2-v2/install/agribot_web/bin'
[10.182s] Level 1:colcon.colcon_core.environment:create_environment_scripts_only(agribot_web)
[10.183s] INFO:colcon.colcon_core.shell:Creating package script '/home/agribot/agribot-ros2-v2/install/agribot_web/share/agribot_web/package.ps1'
[10.190s] INFO:colcon.colcon_core.shell:Creating package descriptor '/home/agribot/agribot-ros2-v2/install/agribot_web/share/agribot_web/package.dsv'
[10.194s] INFO:colcon.colcon_core.shell:Creating package script '/home/agribot/agribot-ros2-v2/install/agribot_web/share/agribot_web/package.sh'
[10.199s] INFO:colcon.colcon_core.shell:Creating package script '/home/agribot/agribot-ros2-v2/install/agribot_web/share/agribot_web/package.bash'
[10.203s] INFO:colcon.colcon_core.shell:Creating package script '/home/agribot/agribot-ros2-v2/install/agribot_web/share/agribot_web/package.zsh'
[10.208s] Level 1:colcon.colcon_core.environment:create_file_with_runtime_dependencies(/home/agribot/agribot-ros2-v2/install/agribot_web/share/colcon-core/packages/agribot_web)
[10.211s] DEBUG:colcon.colcon_parallel_executor.executor.parallel:closing loop
[10.218s] DEBUG:colcon.colcon_parallel_executor.executor.parallel:loop closed
[10.219s] DEBUG:colcon.colcon_parallel_executor.executor.parallel:run_until_complete finished with '0'
[10.219s] DEBUG:colcon.colcon_core.event_reactor:joining thread
[10.221s] DEBUG:colcon.colcon_core.event_reactor:joined thread
[10.222s] INFO:colcon.colcon_core.shell:Creating prefix script '/home/agribot/agribot-ros2-v2/install/local_setup.ps1'
[10.232s] INFO:colcon.colcon_core.shell:Creating prefix util module '/home/agribot/agribot-ros2-v2/install/_local_setup_util_ps1.py'
[10.243s] INFO:colcon.colcon_core.shell:Creating prefix chain script '/home/agribot/agribot-ros2-v2/install/setup.ps1'
[10.257s] INFO:colcon.colcon_core.shell:Creating prefix script '/home/agribot/agribot-ros2-v2/install/local_setup.sh'
[10.266s] INFO:colcon.colcon_core.shell:Creating prefix util module '/home/agribot/agribot-ros2-v2/install/_local_setup_util_sh.py'
[10.274s] INFO:colcon.colcon_core.shell:Creating prefix chain script '/home/agribot/agribot-ros2-v2/install/setup.sh'
[10.288s] INFO:colcon.colcon_core.shell:Creating prefix script '/home/agribot/agribot-ros2-v2/install/local_setup.bash'
[10.296s] INFO:colcon.colcon_core.shell:Creating prefix chain script '/home/agribot/agribot-ros2-v2/install/setup.bash'
[10.305s] INFO:colcon.colcon_core.shell:Creating prefix script '/home/agribot/agribot-ros2-v2/install/local_setup.zsh'
[10.313s] INFO:colcon.colcon_core.shell:Creating prefix chain script '/home/agribot/agribot-ros2-v2/install/setup.zsh'
